[INFO] [launch]: All log files can be found below /home/pi/.ros/log/2026-03-16-18-39-00-445417-ros-4544
[INFO] [launch]: Default logging verbosity is set to INFO
[INFO] [cspc_lidar-1]: process started with pid [4548]
[INFO] [static_transform_publisher-2]: process started with pid [4549]
[INFO] [python3-3]: process started with pid [4550]
[INFO] [rf2o_laser_odometry_node-4]: process started with pid [4551]
[INFO] [async_slam_toolbox_node-5]: process started with pid [4552]
[cspc_lidar-1] [WARN] [1773657540.627302139] [rcl.logging_rosout]: Publisher already registered for node name: 'cspc_lidar'. If this is due to multiple nodes with the same name then all logs for the logger named 'robot.cspc_lidar' will go out over the existing publisher. As soon as any node with that name is destructed it will unregister the publisher, preventing any further logs for that name from being published on the rosout topic.
[static_transform_publisher-2] [WARN] [1773657540.630901834] []: Old-style arguments are deprecated; see --help for new-style arguments
[cspc_lidar-1] version M1CT_TOF
[cspc_lidar-1] ***/dev/ttyUSB0
[rf2o_laser_odometry_node-4] [WARN] [1773657540.649013653] [rcl.logging_rosout]: Publisher already registered for node name: 'rf2o_odometry'. If this is due to multiple nodes with the same name then all logs for the logger named 'robot.rf2o_odometry' will go out over the existing publisher. As soon as any node with that name is destructed it will unregister the publisher, preventing any further logs for that name from being published on the rosout topic.
[rf2o_laser_odometry_node-4] [INFO] [1773657540.660458417] [robot.rf2o_odometry]: Initializing RF2O node...
[rf2o_laser_odometry_node-4] [WARN] [1773657540.683234562] [robot.rf2o_odometry]: Waiting for laser_scans....
[static_transform_publisher-2] [INFO] [1773657540.703738948] [robot.laser_tf]: Spinning until stopped - publishing transform
[static_transform_publisher-2] translation: ('0.000000', '0.000000', '0.000000')
[static_transform_publisher-2] rotation: ('0.000000', '0.000000', '0.000000', '1.000000')
[static_transform_publisher-2] from 'base_link' to 'laser_link'
[rf2o_laser_odometry_node-4] [WARN] [1773657540.783342721] [robot.rf2o_odometry]: Waiting for laser_scans....
[rf2o_laser_odometry_node-4] [WARN] [1773657540.883311440] [robot.rf2o_odometry]: Waiting for laser_scans....
[rf2o_laser_odometry_node-4] [WARN] [1773657540.983312569] [robot.rf2o_odometry]: Waiting for laser_scans....
[rf2o_laser_odometry_node-4] [WARN] [1773657541.083312681] [robot.rf2o_odometry]: Waiting for laser_scans....
[rf2o_laser_odometry_node-4] [WARN] [1773657541.183367779] [robot.rf2o_odometry]: Waiting for laser_scans....
[python3-3] [INFO] [1773657541.210797471] [robot.rf2o_wrapper]: RF2O QoS Wrapper started
[rf2o_laser_odometry_node-4] [WARN] [1773657541.283312698] [robot.rf2o_odometry]: Waiting for laser_scans....
[rf2o_laser_odometry_node-4] [WARN] [1773657541.383323254] [robot.rf2o_odometry]: Waiting for laser_scans....
[rf2o_laser_odometry_node-4] [WARN] [1773657541.483317715] [robot.rf2o_odometry]: Waiting for laser_scans....
[rf2o_laser_odometry_node-4] [WARN] [1773657541.583314955] [robot.rf2o_odometry]: Waiting for laser_scans....
[rf2o_laser_odometry_node-4] [WARN] [1773657541.683339772] [robot.rf2o_odometry]: Waiting for laser_scans....
[rf2o_laser_odometry_node-4] [WARN] [1773657541.783318157] [robot.rf2o_odometry]: Waiting for laser_scans....
[rf2o_laser_odometry_node-4] [WARN] [1773657541.883315823] [robot.rf2o_odometry]: Waiting for laser_scans....
[rf2o_laser_odometry_node-4] [WARN] [1773657541.983316915] [robot.rf2o_odometry]: Waiting for laser_scans....
[rf2o_laser_odometry_node-4] [WARN] [1773657542.083314745] [robot.rf2o_odometry]: Waiting for laser_scans....
[rf2o_laser_odometry_node-4] [WARN] [1773657542.183317667] [robot.rf2o_odometry]: Waiting for laser_scans....
[rf2o_laser_odometry_node-4] [WARN] [1773657542.283317977] [robot.rf2o_odometry]: Waiting for laser_scans....
[rf2o_laser_odometry_node-4] [WARN] [1773657542.383273690] [robot.rf2o_odometry]: Waiting for laser_scans....
[rf2o_laser_odometry_node-4] [WARN] [1773657542.483314245] [robot.rf2o_odometry]: Waiting for laser_scans....
[rf2o_laser_odometry_node-4] [WARN] [1773657542.583311611] [robot.rf2o_odometry]: Waiting for laser_scans....
[rf2o_laser_odometry_node-4] [WARN] [1773657542.683315403] [robot.rf2o_odometry]: Waiting for laser_scans....
[rf2o_laser_odometry_node-4] [WARN] [1773657542.783314453] [robot.rf2o_odometry]: Waiting for laser_scans....
[rf2o_laser_odometry_node-4] [WARN] [1773657542.883315856] [robot.rf2o_odometry]: Waiting for laser_scans....
[rf2o_laser_odometry_node-4] [WARN] [1773657542.983313092] [robot.rf2o_odometry]: Waiting for laser_scans....
[rf2o_laser_odometry_node-4] [WARN] [1773657543.083312638] [robot.rf2o_odometry]: Waiting for laser_scans....
[rf2o_laser_odometry_node-4] [WARN] [1773657543.183315497] [robot.rf2o_odometry]: Waiting for laser_scans....
[rf2o_laser_odometry_node-4] [WARN] [1773657543.283318634] [robot.rf2o_odometry]: Waiting for laser_scans....
[rf2o_laser_odometry_node-4] [WARN] [1773657543.383313140] [robot.rf2o_odometry]: Waiting for laser_scans....
[rf2o_laser_odometry_node-4] [WARN] [1773657543.483310666] [robot.rf2o_odometry]: Waiting for laser_scans....
[rf2o_laser_odometry_node-4] [WARN] [1773657543.583311895] [robot.rf2o_odometry]: Waiting for laser_scans....
[rf2o_laser_odometry_node-4] [WARN] [1773657543.683303623] [robot.rf2o_odometry]: Waiting for laser_scans....
[rf2o_laser_odometry_node-4] [WARN] [1773657543.783318243] [robot.rf2o_odometry]: Waiting for laser_scans....
[rf2o_laser_odometry_node-4] [WARN] [1773657543.883318750] [robot.rf2o_odometry]: Waiting for laser_scans....
[rf2o_laser_odometry_node-4] [WARN] [1773657543.983318146] [robot.rf2o_odometry]: Waiting for laser_scans....
[rf2o_laser_odometry_node-4] [WARN] [1773657544.083325960] [robot.rf2o_odometry]: Waiting for laser_scans....
[rf2o_laser_odometry_node-4] [WARN] [1773657544.183316456] [robot.rf2o_odometry]: Waiting for laser_scans....
[rf2o_laser_odometry_node-4] [WARN] [1773657544.283315712] [robot.rf2o_odometry]: Waiting for laser_scans....
[rf2o_laser_odometry_node-4] [WARN] [1773657544.383311894] [robot.rf2o_odometry]: Waiting for laser_scans....
[rf2o_laser_odometry_node-4] [WARN] [1773657544.483315262] [robot.rf2o_odometry]: Waiting for laser_scans....
[rf2o_laser_odometry_node-4] [WARN] [1773657544.583317037] [robot.rf2o_odometry]: Waiting for laser_scans....
[rf2o_laser_odometry_node-4] [WARN] [1773657544.683315682] [robot.rf2o_odometry]: Waiting for laser_scans....
[rf2o_laser_odometry_node-4] [WARN] [1773657544.783317845] [robot.rf2o_odometry]: Waiting for laser_scans....
[rf2o_laser_odometry_node-4] [WARN] [1773657544.883315379] [robot.rf2o_odometry]: Waiting for laser_scans....
[rf2o_laser_odometry_node-4] [WARN] [1773657544.983327192] [robot.rf2o_odometry]: Waiting for laser_scans....
[rf2o_laser_odometry_node-4] [WARN] [1773657545.083315011] [robot.rf2o_odometry]: Waiting for laser_scans....
[rf2o_laser_odometry_node-4] [WARN] [1773657545.183322069] [robot.rf2o_odometry]: Waiting for laser_scans....
[rf2o_laser_odometry_node-4] [WARN] [1773657545.283317145] [robot.rf2o_odometry]: Waiting for laser_scans....
[rf2o_laser_odometry_node-4] [WARN] [1773657545.383313906] [robot.rf2o_odometry]: Waiting for laser_scans....
[rf2o_laser_odometry_node-4] [WARN] [1773657545.483317743] [robot.rf2o_odometry]: Waiting for laser_scans....
[rf2o_laser_odometry_node-4] [WARN] [1773657545.583325727] [robot.rf2o_odometry]: Waiting for laser_scans....
[cspc_lidar-1] 状态切换
[cspc_lidar-1] TOF雷达启动
[cspc_lidar-1] lidar_start_reply start--->
[cspc_lidar-1] lidar_start_reply waitForData fail---
[cspc_lidar-1] 未读取到启动反馈指令-->再发一次
[cspc_lidar-1] full----- count=405,time=539675,frequence=99
[cspc_lidar-1] full----- count=404,time=539776,frequence=99
[cspc_lidar-1] full----- count=400,time=540873,frequence=100
[rf2o_laser_odometry_node-4] [WARN] [1773657545.683315766] [robot.rf2o_odometry]: Waiting for laser_scans....
[rf2o_laser_odometry_node-4] [WARN] [1773657545.783319602] [robot.rf2o_odometry]: Waiting for laser_scans....
[rf2o_laser_odometry_node-4] [WARN] [1773657545.883315567] [robot.rf2o_odometry]: Waiting for laser_scans....
[rf2o_laser_odometry_node-4] [WARN] [1773657545.983314384] [robot.rf2o_odometry]: Waiting for laser_scans....
[rf2o_laser_odometry_node-4] [WARN] [1773657546.083317723] [robot.rf2o_odometry]: Waiting for laser_scans....
[rf2o_laser_odometry_node-4] [WARN] [1773657546.183317543] [robot.rf2o_odometry]: Waiting for laser_scans....
[rf2o_laser_odometry_node-4] [WARN] [1773657546.283313640] [robot.rf2o_odometry]: Waiting for laser_scans....
[rf2o_laser_odometry_node-4] [WARN] [1773657546.383314627] [robot.rf2o_odometry]: Waiting for laser_scans....
[rf2o_laser_odometry_node-4] [WARN] [1773657546.483314817] [robot.rf2o_odometry]: Waiting for laser_scans....
[rf2o_laser_odometry_node-4] [WARN] [1773657546.583314062] [robot.rf2o_odometry]: Waiting for laser_scans....
[rf2o_laser_odometry_node-4] [WARN] [1773657546.683316975] [robot.rf2o_odometry]: Waiting for laser_scans....
[rf2o_laser_odometry_node-4] [WARN] [1773657546.783319147] [robot.rf2o_odometry]: Waiting for laser_scans....
[rf2o_laser_odometry_node-4] [WARN] [1773657546.883314799] [robot.rf2o_odometry]: Waiting for laser_scans....
[rf2o_laser_odometry_node-4] [WARN] [1773657546.983317008] [robot.rf2o_odometry]: Waiting for laser_scans....
[rf2o_laser_odometry_node-4] [WARN] [1773657547.083321536] [robot.rf2o_odometry]: Waiting for laser_scans....
[rf2o_laser_odometry_node-4] [WARN] [1773657547.183318744] [robot.rf2o_odometry]: Waiting for laser_scans....
[rf2o_laser_odometry_node-4] [WARN] [1773657547.283312562] [robot.rf2o_odometry]: Waiting for laser_scans....
[rf2o_laser_odometry_node-4] [WARN] [1773657547.383315178] [robot.rf2o_odometry]: Waiting for laser_scans....
[rf2o_laser_odometry_node-4] [WARN] [1773657547.483315349] [robot.rf2o_odometry]: Waiting for laser_scans....
[rf2o_laser_odometry_node-4] [WARN] [1773657547.583314409] [robot.rf2o_odometry]: Waiting for laser_scans....
[rf2o_laser_odometry_node-4] [WARN] [1773657547.683319340] [robot.rf2o_odometry]: Waiting for laser_scans....
[rf2o_laser_odometry_node-4] [WARN] [1773657547.783321845] [robot.rf2o_odometry]: Waiting for laser_scans....
[rf2o_laser_odometry_node-4] [WARN] [1773657547.883320442] [robot.rf2o_odometry]: Waiting for laser_scans....
[rf2o_laser_odometry_node-4] [WARN] [1773657547.983321372] [robot.rf2o_odometry]: Waiting for laser_scans....
[rf2o_laser_odometry_node-4] [WARN] [1773657548.083315728] [robot.rf2o_odometry]: Waiting for laser_scans....
[rf2o_laser_odometry_node-4] [WARN] [1773657548.183317914] [robot.rf2o_odometry]: Waiting for laser_scans....
[rf2o_laser_odometry_node-4] [WARN] [1773657548.283315619] [robot.rf2o_odometry]: Waiting for laser_scans....
[rf2o_laser_odometry_node-4] [WARN] [1773657548.383316194] [robot.rf2o_odometry]: Waiting for laser_scans....
[rf2o_laser_odometry_node-4] [WARN] [1773657548.483316213] [robot.rf2o_odometry]: Waiting for laser_scans....
[rf2o_laser_odometry_node-4] [WARN] [1773657548.583316807] [robot.rf2o_odometry]: Waiting for laser_scans....
[rf2o_laser_odometry_node-4] [WARN] [1773657548.683314549] [robot.rf2o_odometry]: Waiting for laser_scans....
[rf2o_laser_odometry_node-4] [WARN] [1773657548.783314346] [robot.rf2o_odometry]: Waiting for laser_scans....
[rf2o_laser_odometry_node-4] [WARN] [1773657548.883310736] [robot.rf2o_odometry]: Waiting for laser_scans....
[rf2o_laser_odometry_node-4] [WARN] [1773657548.983319238] [robot.rf2o_odometry]: Waiting for laser_scans....
[rf2o_laser_odometry_node-4] [WARN] [1773657549.083319573] [robot.rf2o_odometry]: Waiting for laser_scans....
[rf2o_laser_odometry_node-4] [WARN] [1773657549.183318401] [robot.rf2o_odometry]: Waiting for laser_scans....
[rf2o_laser_odometry_node-4] [WARN] [1773657549.283317322] [robot.rf2o_odometry]: Waiting for laser_scans....
[rf2o_laser_odometry_node-4] [WARN] [1773657549.383319187] [robot.rf2o_odometry]: Waiting for laser_scans....
[rf2o_laser_odometry_node-4] [WARN] [1773657549.483317590] [robot.rf2o_odometry]: Waiting for laser_scans....
[rf2o_laser_odometry_node-4] [WARN] [1773657549.583309546] [robot.rf2o_odometry]: Waiting for laser_scans....
[rf2o_laser_odometry_node-4] [WARN] [1773657549.683309615] [robot.rf2o_odometry]: Waiting for laser_scans....
[rf2o_laser_odometry_node-4] [WARN] [1773657549.783313074] [robot.rf2o_odometry]: Waiting for laser_scans....
[rf2o_laser_odometry_node-4] [WARN] [1773657549.883312717] [robot.rf2o_odometry]: Waiting for laser_scans....
[rf2o_laser_odometry_node-4] [WARN] [1773657549.983317472] [robot.rf2o_odometry]: Waiting for laser_scans....
[rf2o_laser_odometry_node-4] [WARN] [1773657550.083313704] [robot.rf2o_odometry]: Waiting for laser_scans....
[rf2o_laser_odometry_node-4] [WARN] [1773657550.183309097] [robot.rf2o_odometry]: Waiting for laser_scans....
[rf2o_laser_odometry_node-4] [WARN] [1773657550.283316176] [robot.rf2o_odometry]: Waiting for laser_scans....
[rf2o_laser_odometry_node-4] [WARN] [1773657550.383316032] [robot.rf2o_odometry]: Waiting for laser_scans....
[rf2o_laser_odometry_node-4] [WARN] [1773657550.483310851] [robot.rf2o_odometry]: Waiting for laser_scans....
[rf2o_laser_odometry_node-4] [WARN] [1773657550.583313022] [robot.rf2o_odometry]: Waiting for laser_scans....
[cspc_lidar-1] full----- count=389,time=541936,frequence=103
[cspc_lidar-1] full----- count=404,time=543035,frequence=99
[cspc_lidar-1] full----- count=400,time=544133,frequence=100
[cspc_lidar-1] full----- count=400,time=545229,frequence=100
[rf2o_laser_odometry_node-4] [WARN] [1773657550.683312175] [robot.rf2o_odometry]: Waiting for laser_scans....
[rf2o_laser_odometry_node-4] [WARN] [1773657550.783322921] [robot.rf2o_odometry]: Waiting for laser_scans....
[rf2o_laser_odometry_node-4] [WARN] [1773657550.883320555] [robot.rf2o_odometry]: Waiting for laser_scans....
[rf2o_laser_odometry_node-4] [WARN] [1773657550.983322782] [robot.rf2o_odometry]: Waiting for laser_scans....
[rf2o_laser_odometry_node-4] [WARN] [1773657551.083316984] [robot.rf2o_odometry]: Waiting for laser_scans....
[rf2o_laser_odometry_node-4] [WARN] [1773657551.183312772] [robot.rf2o_odometry]: Waiting for laser_scans....
[rf2o_laser_odometry_node-4] [WARN] [1773657551.283318358] [robot.rf2o_odometry]: Waiting for laser_scans....
[rf2o_laser_odometry_node-4] [WARN] [1773657551.383315277] [robot.rf2o_odometry]: Waiting for laser_scans....
[rf2o_laser_odometry_node-4] [WARN] [1773657551.483315140] [robot.rf2o_odometry]: Waiting for laser_scans....
[rf2o_laser_odometry_node-4] [WARN] [1773657551.583314855] [robot.rf2o_odometry]: Waiting for laser_scans....
[rf2o_laser_odometry_node-4] [WARN] [1773657551.683315403] [robot.rf2o_odometry]: Waiting for laser_scans....
[rf2o_laser_odometry_node-4] [WARN] [1773657551.783318230] [robot.rf2o_odometry]: Waiting for laser_scans....
[rf2o_laser_odometry_node-4] [WARN] [1773657551.883315185] [robot.rf2o_odometry]: Waiting for laser_scans....
[rf2o_laser_odometry_node-4] [WARN] [1773657551.983313752] [robot.rf2o_odometry]: Waiting for laser_scans....
[rf2o_laser_odometry_node-4] [WARN] [1773657552.083317847] [robot.rf2o_odometry]: Waiting for laser_scans....
[rf2o_laser_odometry_node-4] [WARN] [1773657552.183319437] [robot.rf2o_odometry]: Waiting for laser_scans....
[rf2o_laser_odometry_node-4] [WARN] [1773657552.283319749] [robot.rf2o_odometry]: Waiting for laser_scans....
[rf2o_laser_odometry_node-4] [WARN] [1773657552.383315004] [robot.rf2o_odometry]: Waiting for laser_scans....
[rf2o_laser_odometry_node-4] [WARN] [1773657552.483315871] [robot.rf2o_odometry]: Waiting for laser_scans....
[rf2o_laser_odometry_node-4] [WARN] [1773657552.583313423] [robot.rf2o_odometry]: Waiting for laser_scans....
[rf2o_laser_odometry_node-4] [WARN] [1773657552.683317495] [robot.rf2o_odometry]: Waiting for laser_scans....
[rf2o_laser_odometry_node-4] [WARN] [1773657552.783314991] [robot.rf2o_odometry]: Waiting for laser_scans....
[rf2o_laser_odometry_node-4] [WARN] [1773657552.883324545] [robot.rf2o_odometry]: Waiting for laser_scans....
[rf2o_laser_odometry_node-4] [WARN] [1773657552.983315133] [robot.rf2o_odometry]: Waiting for laser_scans....
[rf2o_laser_odometry_node-4] [WARN] [1773657553.083319436] [robot.rf2o_odometry]: Waiting for laser_scans....
[rf2o_laser_odometry_node-4] [WARN] [1773657553.183316305] [robot.rf2o_odometry]: Waiting for laser_scans....
[rf2o_laser_odometry_node-4] [WARN] [1773657553.283319192] [robot.rf2o_odometry]: Waiting for laser_scans....
[rf2o_laser_odometry_node-4] [WARN] [1773657553.383321598] [robot.rf2o_odometry]: Waiting for laser_scans....
[rf2o_laser_odometry_node-4] [WARN] [1773657553.483315947] [robot.rf2o_odometry]: Waiting for laser_scans....
[rf2o_laser_odometry_node-4] [WARN] [1773657553.583318835] [robot.rf2o_odometry]: Waiting for laser_scans....
[rf2o_laser_odometry_node-4] [WARN] [1773657553.683320167] [robot.rf2o_odometry]: Waiting for laser_scans....
[rf2o_laser_odometry_node-4] [WARN] [1773657553.783318424] [robot.rf2o_odometry]: Waiting for laser_scans....
[rf2o_laser_odometry_node-4] [WARN] [1773657553.883314588] [robot.rf2o_odometry]: Waiting for laser_scans....
[rf2o_laser_odometry_node-4] [WARN] [1773657553.983316346] [robot.rf2o_odometry]: Waiting for laser_scans....
[rf2o_laser_odometry_node-4] [WARN] [1773657554.083317479] [robot.rf2o_odometry]: Waiting for laser_scans....
[rf2o_laser_odometry_node-4] [WARN] [1773657554.183312753] [robot.rf2o_odometry]: Waiting for laser_scans....
[rf2o_laser_odometry_node-4] [WARN] [1773657554.283312750] [robot.rf2o_odometry]: Waiting for laser_scans....
[rf2o_laser_odometry_node-4] [WARN] [1773657554.383318341] [robot.rf2o_odometry]: Waiting for laser_scans....
[rf2o_laser_odometry_node-4] [WARN] [1773657554.483319134] [robot.rf2o_odometry]: Waiting for laser_scans....
[rf2o_laser_odometry_node-4] [WARN] [1773657554.583318613] [robot.rf2o_odometry]: Waiting for laser_scans....
[rf2o_laser_odometry_node-4] [WARN] [1773657554.683349817] [robot.rf2o_odometry]: Waiting for laser_scans....
[rf2o_laser_odometry_node-4] [WARN] [1773657554.783319662] [robot.rf2o_odometry]: Waiting for laser_scans....
[rf2o_laser_odometry_node-4] [WARN] [1773657554.883313473] [robot.rf2o_odometry]: Waiting for laser_scans....
[rf2o_laser_odometry_node-4] [WARN] [1773657554.983315971] [robot.rf2o_odometry]: Waiting for laser_scans....
[rf2o_laser_odometry_node-4] [WARN] [1773657555.083313194] [robot.rf2o_odometry]: Waiting for laser_scans....
[rf2o_laser_odometry_node-4] [WARN] [1773657555.183320392] [robot.rf2o_odometry]: Waiting for laser_scans....
[rf2o_laser_odometry_node-4] [WARN] [1773657555.283316089] [robot.rf2o_odometry]: Waiting for laser_scans....
[rf2o_laser_odometry_node-4] [WARN] [1773657555.383315804] [robot.rf2o_odometry]: Waiting for laser_scans....
[rf2o_laser_odometry_node-4] [WARN] [1773657555.483313778] [robot.rf2o_odometry]: Waiting for laser_scans....
[rf2o_laser_odometry_node-4] [WARN] [1773657555.583314383] [robot.rf2o_odometry]: Waiting for laser_scans....
[cspc_lidar-1] full----- count=400,time=546326,frequence=100
[cspc_lidar-1] full----- count=401,time=547422,frequence=100
[cspc_lidar-1] full----- count=400,time=548518,frequence=100
[cspc_lidar-1] full----- count=401,time=549614,frequence=100
[cspc_lidar-1] full----- count=400,time=550711,frequence=100
[rf2o_laser_odometry_node-4] [WARN] [1773657555.683314135] [robot.rf2o_odometry]: Waiting for laser_scans....
[rf2o_laser_odometry_node-4] [WARN] [1773657555.783317499] [robot.rf2o_odometry]: Waiting for laser_scans....
[rf2o_laser_odometry_node-4] [WARN] [1773657555.883316659] [robot.rf2o_odometry]: Waiting for laser_scans....
[rf2o_laser_odometry_node-4] [WARN] [1773657555.983316597] [robot.rf2o_odometry]: Waiting for laser_scans....
[rf2o_laser_odometry_node-4] [WARN] [1773657556.083315592] [robot.rf2o_odometry]: Waiting for laser_scans....
[rf2o_laser_odometry_node-4] [WARN] [1773657556.183319005] [robot.rf2o_odometry]: Waiting for laser_scans....
[rf2o_laser_odometry_node-4] [WARN] [1773657556.283326641] [robot.rf2o_odometry]: Waiting for laser_scans....
[rf2o_laser_odometry_node-4] [WARN] [1773657556.383319664] [robot.rf2o_odometry]: Waiting for laser_scans....
[rf2o_laser_odometry_node-4] [WARN] [1773657556.483316021] [robot.rf2o_odometry]: Waiting for laser_scans....
[rf2o_laser_odometry_node-4] [WARN] [1773657556.583313748] [robot.rf2o_odometry]: Waiting for laser_scans....
[rf2o_laser_odometry_node-4] [WARN] [1773657556.683313013] [robot.rf2o_odometry]: Waiting for laser_scans....
[rf2o_laser_odometry_node-4] [WARN] [1773657556.783310073] [robot.rf2o_odometry]: Waiting for laser_scans....
[rf2o_laser_odometry_node-4] [WARN] [1773657556.883321303] [robot.rf2o_odometry]: Waiting for laser_scans....
[rf2o_laser_odometry_node-4] [WARN] [1773657556.983319085] [robot.rf2o_odometry]: Waiting for laser_scans....
[rf2o_laser_odometry_node-4] [WARN] [1773657557.083315906] [robot.rf2o_odometry]: Waiting for laser_scans....
[rf2o_laser_odometry_node-4] [WARN] [1773657557.183315958] [robot.rf2o_odometry]: Waiting for laser_scans....
[rf2o_laser_odometry_node-4] [WARN] [1773657557.283314640] [robot.rf2o_odometry]: Waiting for laser_scans....
[rf2o_laser_odometry_node-4] [WARN] [1773657557.383316155] [robot.rf2o_odometry]: Waiting for laser_scans....
[rf2o_laser_odometry_node-4] [WARN] [1773657557.483321541] [robot.rf2o_odometry]: Waiting for laser_scans....
[rf2o_laser_odometry_node-4] [WARN] [1773657557.583320186] [robot.rf2o_odometry]: Waiting for laser_scans....
[rf2o_laser_odometry_node-4] [WARN] [1773657557.683320405] [robot.rf2o_odometry]: Waiting for laser_scans....
[rf2o_laser_odometry_node-4] [WARN] [1773657557.783323902] [robot.rf2o_odometry]: Waiting for laser_scans....
[rf2o_laser_odometry_node-4] [WARN] [1773657557.883314360] [robot.rf2o_odometry]: Waiting for laser_scans....
[rf2o_laser_odometry_node-4] [WARN] [1773657557.983315153] [robot.rf2o_odometry]: Waiting for laser_scans....
[rf2o_laser_odometry_node-4] [WARN] [1773657558.083313649] [robot.rf2o_odometry]: Waiting for laser_scans....
[rf2o_laser_odometry_node-4] [WARN] [1773657558.183315190] [robot.rf2o_odometry]: Waiting for laser_scans....
[rf2o_laser_odometry_node-4] [WARN] [1773657558.283314379] [robot.rf2o_odometry]: Waiting for laser_scans....
[rf2o_laser_odometry_node-4] [WARN] [1773657558.383313605] [robot.rf2o_odometry]: Waiting for laser_scans....
[rf2o_laser_odometry_node-4] [WARN] [1773657558.483324369] [robot.rf2o_odometry]: Waiting for laser_scans....
[rf2o_laser_odometry_node-4] [WARN] [1773657558.583317020] [robot.rf2o_odometry]: Waiting for laser_scans....
[rf2o_laser_odometry_node-4] [WARN] [1773657558.683313431] [robot.rf2o_odometry]: Waiting for laser_scans....
[rf2o_laser_odometry_node-4] [WARN] [1773657558.783313916] [robot.rf2o_odometry]: Waiting for laser_scans....
[rf2o_laser_odometry_node-4] [WARN] [1773657558.883309456] [robot.rf2o_odometry]: Waiting for laser_scans....
[rf2o_laser_odometry_node-4] [WARN] [1773657558.983314164] [robot.rf2o_odometry]: Waiting for laser_scans....
[rf2o_laser_odometry_node-4] [WARN] [1773657559.083318869] [robot.rf2o_odometry]: Waiting for laser_scans....
[rf2o_laser_odometry_node-4] [WARN] [1773657559.183315247] [robot.rf2o_odometry]: Waiting for laser_scans....
[rf2o_laser_odometry_node-4] [WARN] [1773657559.283316959] [robot.rf2o_odometry]: Waiting for laser_scans....
[rf2o_laser_odometry_node-4] [WARN] [1773657559.383315949] [robot.rf2o_odometry]: Waiting for laser_scans....
[rf2o_laser_odometry_node-4] [WARN] [1773657559.483319458] [robot.rf2o_odometry]: Waiting for laser_scans....
[rf2o_laser_odometry_node-4] [WARN] [1773657559.583313762] [robot.rf2o_odometry]: Waiting for laser_scans....
[rf2o_laser_odometry_node-4] [WARN] [1773657559.683319216] [robot.rf2o_odometry]: Waiting for laser_scans....
[rf2o_laser_odometry_node-4] [WARN] [1773657559.783317650] [robot.rf2o_odometry]: Waiting for laser_scans....
[rf2o_laser_odometry_node-4] [WARN] [1773657559.883314029] [robot.rf2o_odometry]: Waiting for laser_scans....
[rf2o_laser_odometry_node-4] [WARN] [1773657559.983319409] [robot.rf2o_odometry]: Waiting for laser_scans....
[rf2o_laser_odometry_node-4] [WARN] [1773657560.083316004] [robot.rf2o_odometry]: Waiting for laser_scans....
[rf2o_laser_odometry_node-4] [WARN] [1773657560.183313441] [robot.rf2o_odometry]: Waiting for laser_scans....
[rf2o_laser_odometry_node-4] [WARN] [1773657560.283314100] [robot.rf2o_odometry]: Waiting for laser_scans....
[rf2o_laser_odometry_node-4] [WARN] [1773657560.383315685] [robot.rf2o_odometry]: Waiting for laser_scans....
[rf2o_laser_odometry_node-4] [WARN] [1773657560.483317178] [robot.rf2o_odometry]: Waiting for laser_scans....
[rf2o_laser_odometry_node-4] [WARN] [1773657560.583315114] [robot.rf2o_odometry]: Waiting for laser_scans....
[cspc_lidar-1] full----- count=401,time=551808,frequence=100
[cspc_lidar-1] full----- count=401,time=552905,frequence=100
[cspc_lidar-1] full----- count=401,time=554003,frequence=100
[cspc_lidar-1] full----- count=400,time=555100,frequence=100
[cspc_lidar-1] full----- count=400,time=556196,frequence=100
[rf2o_laser_odometry_node-4] [WARN] [1773657560.683316199] [robot.rf2o_odometry]: Waiting for laser_scans....
[rf2o_laser_odometry_node-4] [WARN] [1773657560.783316636] [robot.rf2o_odometry]: Waiting for laser_scans....
[rf2o_laser_odometry_node-4] [WARN] [1773657560.883318629] [robot.rf2o_odometry]: Waiting for laser_scans....
[rf2o_laser_odometry_node-4] [WARN] [1773657560.983316899] [robot.rf2o_odometry]: Waiting for laser_scans....
[rf2o_laser_odometry_node-4] [WARN] [1773657561.083315198] [robot.rf2o_odometry]: Waiting for laser_scans....
[rf2o_laser_odometry_node-4] [WARN] [1773657561.183317098] [robot.rf2o_odometry]: Waiting for laser_scans....
[rf2o_laser_odometry_node-4] [WARN] [1773657561.283317905] [robot.rf2o_odometry]: Waiting for laser_scans....
[rf2o_laser_odometry_node-4] [WARN] [1773657561.383315823] [robot.rf2o_odometry]: Waiting for laser_scans....
[rf2o_laser_odometry_node-4] [WARN] [1773657561.483319020] [robot.rf2o_odometry]: Waiting for laser_scans....
[rf2o_laser_odometry_node-4] [WARN] [1773657561.583314419] [robot.rf2o_odometry]: Waiting for laser_scans....
[rf2o_laser_odometry_node-4] [WARN] [1773657561.683314504] [robot.rf2o_odometry]: Waiting for laser_scans....
[rf2o_laser_odometry_node-4] [WARN] [1773657561.783320850] [robot.rf2o_odometry]: Waiting for laser_scans....
[rf2o_laser_odometry_node-4] [WARN] [1773657561.883315286] [robot.rf2o_odometry]: Waiting for laser_scans....
[rf2o_laser_odometry_node-4] [WARN] [1773657561.983312852] [robot.rf2o_odometry]: Waiting for laser_scans....
[rf2o_laser_odometry_node-4] [WARN] [1773657562.083315279] [robot.rf2o_odometry]: Waiting for laser_scans....
[rf2o_laser_odometry_node-4] [WARN] [1773657562.183315418] [robot.rf2o_odometry]: Waiting for laser_scans....
[rf2o_laser_odometry_node-4] [WARN] [1773657562.283315575] [robot.rf2o_odometry]: Waiting for laser_scans....
[rf2o_laser_odometry_node-4] [WARN] [1773657562.383310972] [robot.rf2o_odometry]: Waiting for laser_scans....
[rf2o_laser_odometry_node-4] [WARN] [1773657562.483317240] [robot.rf2o_odometry]: Waiting for laser_scans....
[rf2o_laser_odometry_node-4] [WARN] [1773657562.583312934] [robot.rf2o_odometry]: Waiting for laser_scans....
[rf2o_laser_odometry_node-4] [WARN] [1773657562.683321073] [robot.rf2o_odometry]: Waiting for laser_scans....
[rf2o_laser_odometry_node-4] [WARN] [1773657562.783313821] [robot.rf2o_odometry]: Waiting for laser_scans....
[rf2o_laser_odometry_node-4] [WARN] [1773657562.883316275] [robot.rf2o_odometry]: Waiting for laser_scans....
[rf2o_laser_odometry_node-4] [WARN] [1773657562.983315487] [robot.rf2o_odometry]: Waiting for laser_scans....
[rf2o_laser_odometry_node-4] [WARN] [1773657563.083316762] [robot.rf2o_odometry]: Waiting for laser_scans....
[rf2o_laser_odometry_node-4] [WARN] [1773657563.183314507] [robot.rf2o_odometry]: Waiting for laser_scans....
[rf2o_laser_odometry_node-4] [WARN] [1773657563.283322567] [robot.rf2o_odometry]: Waiting for laser_scans....
[rf2o_laser_odometry_node-4] [WARN] [1773657563.383323757] [robot.rf2o_odometry]: Waiting for laser_scans....
[rf2o_laser_odometry_node-4] [WARN] [1773657563.483313204] [robot.rf2o_odometry]: Waiting for laser_scans....
[rf2o_laser_odometry_node-4] [WARN] [1773657563.583318690] [robot.rf2o_odometry]: Waiting for laser_scans....
[rf2o_laser_odometry_node-4] [WARN] [1773657563.683316083] [robot.rf2o_odometry]: Waiting for laser_scans....
[rf2o_laser_odometry_node-4] [WARN] [1773657563.783314957] [robot.rf2o_odometry]: Waiting for laser_scans....
[rf2o_laser_odometry_node-4] [WARN] [1773657563.883313128] [robot.rf2o_odometry]: Waiting for laser_scans....
[rf2o_laser_odometry_node-4] [WARN] [1773657563.983312613] [robot.rf2o_odometry]: Waiting for laser_scans....
[rf2o_laser_odometry_node-4] [WARN] [1773657564.083313049] [robot.rf2o_odometry]: Waiting for laser_scans....
[rf2o_laser_odometry_node-4] [WARN] [1773657564.183318917] [robot.rf2o_odometry]: Waiting for laser_scans....
[rf2o_laser_odometry_node-4] [WARN] [1773657564.283314859] [robot.rf2o_odometry]: Waiting for laser_scans....
[rf2o_laser_odometry_node-4] [WARN] [1773657564.383315078] [robot.rf2o_odometry]: Waiting for laser_scans....
[rf2o_laser_odometry_node-4] [WARN] [1773657564.483316298] [robot.rf2o_odometry]: Waiting for laser_scans....
[rf2o_laser_odometry_node-4] [WARN] [1773657564.583313739] [robot.rf2o_odometry]: Waiting for laser_scans....
[rf2o_laser_odometry_node-4] [WARN] [1773657564.683319163] [robot.rf2o_odometry]: Waiting for laser_scans....
[rf2o_laser_odometry_node-4] [WARN] [1773657564.783314160] [robot.rf2o_odometry]: Waiting for laser_scans....
[rf2o_laser_odometry_node-4] [WARN] [1773657564.883314509] [robot.rf2o_odometry]: Waiting for laser_scans....
[rf2o_laser_odometry_node-4] [WARN] [1773657564.983313506] [robot.rf2o_odometry]: Waiting for laser_scans....
[rf2o_laser_odometry_node-4] [WARN] [1773657565.083314951] [robot.rf2o_odometry]: Waiting for laser_scans....
[rf2o_laser_odometry_node-4] [WARN] [1773657565.183316236] [robot.rf2o_odometry]: Waiting for laser_scans....
[rf2o_laser_odometry_node-4] [WARN] [1773657565.283313742] [robot.rf2o_odometry]: Waiting for laser_scans....
[rf2o_laser_odometry_node-4] [WARN] [1773657565.383313378] [robot.rf2o_odometry]: Waiting for laser_scans....
[rf2o_laser_odometry_node-4] [WARN] [1773657565.483313811] [robot.rf2o_odometry]: Waiting for laser_scans....
[rf2o_laser_odometry_node-4] [WARN] [1773657565.583314652] [robot.rf2o_odometry]: Waiting for laser_scans....
[cspc_lidar-1] full----- count=400,time=557292,frequence=100
[cspc_lidar-1] full----- count=401,time=558387,frequence=100
[cspc_lidar-1] full----- count=400,time=559484,frequence=100
[cspc_lidar-1] full----- count=400,time=560580,frequence=100
[rf2o_laser_odometry_node-4] [WARN] [1773657565.683313547] [robot.rf2o_odometry]: Waiting for laser_scans....
[rf2o_laser_odometry_node-4] [WARN] [1773657565.783315165] [robot.rf2o_odometry]: Waiting for laser_scans....
[rf2o_laser_odometry_node-4] [WARN] [1773657565.883313227] [robot.rf2o_odometry]: Waiting for laser_scans....
[rf2o_laser_odometry_node-4] [WARN] [1773657565.983314660] [robot.rf2o_odometry]: Waiting for laser_scans....
[rf2o_laser_odometry_node-4] [WARN] [1773657566.083315706] [robot.rf2o_odometry]: Waiting for laser_scans....
[rf2o_laser_odometry_node-4] [WARN] [1773657566.183315127] [robot.rf2o_odometry]: Waiting for laser_scans....
[rf2o_laser_odometry_node-4] [WARN] [1773657566.283321050] [robot.rf2o_odometry]: Waiting for laser_scans....
[rf2o_laser_odometry_node-4] [WARN] [1773657566.383316674] [robot.rf2o_odometry]: Waiting for laser_scans....
[rf2o_laser_odometry_node-4] [WARN] [1773657566.483317503] [robot.rf2o_odometry]: Waiting for laser_scans....
[rf2o_laser_odometry_node-4] [WARN] [1773657566.583313147] [robot.rf2o_odometry]: Waiting for laser_scans....
[rf2o_laser_odometry_node-4] [WARN] [1773657566.683315272] [robot.rf2o_odometry]: Waiting for laser_scans....
[rf2o_laser_odometry_node-4] [WARN] [1773657566.783314916] [robot.rf2o_odometry]: Waiting for laser_scans....
[rf2o_laser_odometry_node-4] [WARN] [1773657566.883313541] [robot.rf2o_odometry]: Waiting for laser_scans....
[rf2o_laser_odometry_node-4] [WARN] [1773657566.983314611] [robot.rf2o_odometry]: Waiting for laser_scans....
[rf2o_laser_odometry_node-4] [WARN] [1773657567.083319255] [robot.rf2o_odometry]: Waiting for laser_scans....
[rf2o_laser_odometry_node-4] [WARN] [1773657567.183325461] [robot.rf2o_odometry]: Waiting for laser_scans....
[rf2o_laser_odometry_node-4] [WARN] [1773657567.283323887] [robot.rf2o_odometry]: Waiting for laser_scans....
[rf2o_laser_odometry_node-4] [WARN] [1773657567.383315127] [robot.rf2o_odometry]: Waiting for laser_scans....
[rf2o_laser_odometry_node-4] [WARN] [1773657567.483318055] [robot.rf2o_odometry]: Waiting for laser_scans....
[rf2o_laser_odometry_node-4] [WARN] [1773657567.583324334] [robot.rf2o_odometry]: Waiting for laser_scans....
[rf2o_laser_odometry_node-4] [WARN] [1773657567.683316445] [robot.rf2o_odometry]: Waiting for laser_scans....
[rf2o_laser_odometry_node-4] [WARN] [1773657567.783320446] [robot.rf2o_odometry]: Waiting for laser_scans....
[rf2o_laser_odometry_node-4] [WARN] [1773657567.883313483] [robot.rf2o_odometry]: Waiting for laser_scans....
[rf2o_laser_odometry_node-4] [WARN] [1773657567.983316021] [robot.rf2o_odometry]: Waiting for laser_scans....
[rf2o_laser_odometry_node-4] [WARN] [1773657568.083316836] [robot.rf2o_odometry]: Waiting for laser_scans....
[rf2o_laser_odometry_node-4] [WARN] [1773657568.183314228] [robot.rf2o_odometry]: Waiting for laser_scans....
[rf2o_laser_odometry_node-4] [WARN] [1773657568.283316955] [robot.rf2o_odometry]: Waiting for laser_scans....
[rf2o_laser_odometry_node-4] [WARN] [1773657568.383321126] [robot.rf2o_odometry]: Waiting for laser_scans....
[rf2o_laser_odometry_node-4] [WARN] [1773657568.483315055] [robot.rf2o_odometry]: Waiting for laser_scans....
[rf2o_laser_odometry_node-4] [WARN] [1773657568.583327764] [robot.rf2o_odometry]: Waiting for laser_scans....
[rf2o_laser_odometry_node-4] [WARN] [1773657568.683317693] [robot.rf2o_odometry]: Waiting for laser_scans....
[rf2o_laser_odometry_node-4] [WARN] [1773657568.783325976] [robot.rf2o_odometry]: Waiting for laser_scans....
[rf2o_laser_odometry_node-4] [WARN] [1773657568.883312885] [robot.rf2o_odometry]: Waiting for laser_scans....
[rf2o_laser_odometry_node-4] [WARN] [1773657568.983311833] [robot.rf2o_odometry]: Waiting for laser_scans....
[rf2o_laser_odometry_node-4] [WARN] [1773657569.083318593] [robot.rf2o_odometry]: Waiting for laser_scans....
[rf2o_laser_odometry_node-4] [WARN] [1773657569.183321339] [robot.rf2o_odometry]: Waiting for laser_scans....
[rf2o_laser_odometry_node-4] [WARN] [1773657569.283320826] [robot.rf2o_odometry]: Waiting for laser_scans....
[rf2o_laser_odometry_node-4] [WARN] [1773657569.383321868] [robot.rf2o_odometry]: Waiting for laser_scans....
[rf2o_laser_odometry_node-4] [WARN] [1773657569.483324780] [robot.rf2o_odometry]: Waiting for laser_scans....
[rf2o_laser_odometry_node-4] [WARN] [1773657569.583316543] [robot.rf2o_odometry]: Waiting for laser_scans....
[rf2o_laser_odometry_node-4] [WARN] [1773657569.683314344] [robot.rf2o_odometry]: Waiting for laser_scans....
[rf2o_laser_odometry_node-4] [WARN] [1773657569.783326073] [robot.rf2o_odometry]: Waiting for laser_scans....
[rf2o_laser_odometry_node-4] [WARN] [1773657569.883318892] [robot.rf2o_odometry]: Waiting for laser_scans....
[rf2o_laser_odometry_node-4] [WARN] [1773657569.983316267] [robot.rf2o_odometry]: Waiting for laser_scans....
[rf2o_laser_odometry_node-4] [WARN] [1773657570.083314951] [robot.rf2o_odometry]: Waiting for laser_scans....
[rf2o_laser_odometry_node-4] [WARN] [1773657570.183319326] [robot.rf2o_odometry]: Waiting for laser_scans....
[rf2o_laser_odometry_node-4] [WARN] [1773657570.283316052] [robot.rf2o_odometry]: Waiting for laser_scans....
[rf2o_laser_odometry_node-4] [WARN] [1773657570.383321038] [robot.rf2o_odometry]: Waiting for laser_scans....
[rf2o_laser_odometry_node-4] [WARN] [1773657570.483317041] [robot.rf2o_odometry]: Waiting for laser_scans....
[rf2o_laser_odometry_node-4] [WARN] [1773657570.583321194] [robot.rf2o_odometry]: Waiting for laser_scans....
[cspc_lidar-1] full----- count=401,time=561677,frequence=100
[cspc_lidar-1] full----- count=401,time=562773,frequence=100
[cspc_lidar-1] full----- count=401,time=563870,frequence=100
[cspc_lidar-1] full----- count=400,time=564967,frequence=100
[cspc_lidar-1] full----- count=400,time=566063,frequence=100
[rf2o_laser_odometry_node-4] [WARN] [1773657570.683316623] [robot.rf2o_odometry]: Waiting for laser_scans....
[rf2o_laser_odometry_node-4] [WARN] [1773657570.783318349] [robot.rf2o_odometry]: Waiting for laser_scans....
[rf2o_laser_odometry_node-4] [WARN] [1773657570.883320668] [robot.rf2o_odometry]: Waiting for laser_scans....
[rf2o_laser_odometry_node-4] [WARN] [1773657570.983316190] [robot.rf2o_odometry]: Waiting for laser_scans....
[rf2o_laser_odometry_node-4] [WARN] [1773657571.083318835] [robot.rf2o_odometry]: Waiting for laser_scans....
[rf2o_laser_odometry_node-4] [WARN] [1773657571.183323893] [robot.rf2o_odometry]: Waiting for laser_scans....
[rf2o_laser_odometry_node-4] [WARN] [1773657571.283315485] [robot.rf2o_odometry]: Waiting for laser_scans....
[rf2o_laser_odometry_node-4] [WARN] [1773657571.383317227] [robot.rf2o_odometry]: Waiting for laser_scans....
[rf2o_laser_odometry_node-4] [WARN] [1773657571.483324877] [robot.rf2o_odometry]: Waiting for laser_scans....
[rf2o_laser_odometry_node-4] [WARN] [1773657571.583321747] [robot.rf2o_odometry]: Waiting for laser_scans....
[rf2o_laser_odometry_node-4] [WARN] [1773657571.683316414] [robot.rf2o_odometry]: Waiting for laser_scans....
[rf2o_laser_odometry_node-4] [WARN] [1773657571.783316137] [robot.rf2o_odometry]: Waiting for laser_scans....
[rf2o_laser_odometry_node-4] [WARN] [1773657571.883313897] [robot.rf2o_odometry]: Waiting for laser_scans....
[rf2o_laser_odometry_node-4] [WARN] [1773657571.983312546] [robot.rf2o_odometry]: Waiting for laser_scans....
[rf2o_laser_odometry_node-4] [WARN] [1773657572.083318149] [robot.rf2o_odometry]: Waiting for laser_scans....
[rf2o_laser_odometry_node-4] [WARN] [1773657572.183318904] [robot.rf2o_odometry]: Waiting for laser_scans....
[rf2o_laser_odometry_node-4] [WARN] [1773657572.283324364] [robot.rf2o_odometry]: Waiting for laser_scans....
[rf2o_laser_odometry_node-4] [WARN] [1773657572.383315803] [robot.rf2o_odometry]: Waiting for laser_scans....
[rf2o_laser_odometry_node-4] [WARN] [1773657572.483315836] [robot.rf2o_odometry]: Waiting for laser_scans....
[rf2o_laser_odometry_node-4] [WARN] [1773657572.583310220] [robot.rf2o_odometry]: Waiting for laser_scans....
[rf2o_laser_odometry_node-4] [WARN] [1773657572.683312197] [robot.rf2o_odometry]: Waiting for laser_scans....
[rf2o_laser_odometry_node-4] [WARN] [1773657572.783309341] [robot.rf2o_odometry]: Waiting for laser_scans....
[rf2o_laser_odometry_node-4] [WARN] [1773657572.883315023] [robot.rf2o_odometry]: Waiting for laser_scans....
[rf2o_laser_odometry_node-4] [WARN] [1773657572.983317889] [robot.rf2o_odometry]: Waiting for laser_scans....
[rf2o_laser_odometry_node-4] [WARN] [1773657573.083327414] [robot.rf2o_odometry]: Waiting for laser_scans....
[rf2o_laser_odometry_node-4] [WARN] [1773657573.183311622] [robot.rf2o_odometry]: Waiting for laser_scans....
[rf2o_laser_odometry_node-4] [WARN] [1773657573.283313982] [robot.rf2o_odometry]: Waiting for laser_scans....
[rf2o_laser_odometry_node-4] [WARN] [1773657573.383313545] [robot.rf2o_odometry]: Waiting for laser_scans....
[rf2o_laser_odometry_node-4] [WARN] [1773657573.483321072] [robot.rf2o_odometry]: Waiting for laser_scans....
[rf2o_laser_odometry_node-4] [WARN] [1773657573.583316727] [robot.rf2o_odometry]: Waiting for laser_scans....
[rf2o_laser_odometry_node-4] [WARN] [1773657573.683315752] [robot.rf2o_odometry]: Waiting for laser_scans....
[rf2o_laser_odometry_node-4] [WARN] [1773657573.783314315] [robot.rf2o_odometry]: Waiting for laser_scans....
[rf2o_laser_odometry_node-4] [WARN] [1773657573.883320027] [robot.rf2o_odometry]: Waiting for laser_scans....
[rf2o_laser_odometry_node-4] [WARN] [1773657573.983313163] [robot.rf2o_odometry]: Waiting for laser_scans....
[rf2o_laser_odometry_node-4] [WARN] [1773657574.083310769] [robot.rf2o_odometry]: Waiting for laser_scans....
[rf2o_laser_odometry_node-4] [WARN] [1773657574.183312694] [robot.rf2o_odometry]: Waiting for laser_scans....
[rf2o_laser_odometry_node-4] [WARN] [1773657574.283318916] [robot.rf2o_odometry]: Waiting for laser_scans....
[rf2o_laser_odometry_node-4] [WARN] [1773657574.383318340] [robot.rf2o_odometry]: Waiting for laser_scans....
[rf2o_laser_odometry_node-4] [WARN] [1773657574.483325858] [robot.rf2o_odometry]: Waiting for laser_scans....
[rf2o_laser_odometry_node-4] [WARN] [1773657574.583318800] [robot.rf2o_odometry]: Waiting for laser_scans....
[rf2o_laser_odometry_node-4] [WARN] [1773657574.683314557] [robot.rf2o_odometry]: Waiting for laser_scans....
[rf2o_laser_odometry_node-4] [WARN] [1773657574.783315482] [robot.rf2o_odometry]: Waiting for laser_scans....
[rf2o_laser_odometry_node-4] [WARN] [1773657574.883317962] [robot.rf2o_odometry]: Waiting for laser_scans....
[rf2o_laser_odometry_node-4] [WARN] [1773657574.983315016] [robot.rf2o_odometry]: Waiting for laser_scans....
[rf2o_laser_odometry_node-4] [WARN] [1773657575.083312463] [robot.rf2o_odometry]: Waiting for laser_scans....
[rf2o_laser_odometry_node-4] [WARN] [1773657575.183313710] [robot.rf2o_odometry]: Waiting for laser_scans....
[rf2o_laser_odometry_node-4] [WARN] [1773657575.283313235] [robot.rf2o_odometry]: Waiting for laser_scans....
[rf2o_laser_odometry_node-4] [WARN] [1773657575.383312056] [robot.rf2o_odometry]: Waiting for laser_scans....
[rf2o_laser_odometry_node-4] [WARN] [1773657575.483312673] [robot.rf2o_odometry]: Waiting for laser_scans....
[rf2o_laser_odometry_node-4] [WARN] [1773657575.583312772] [robot.rf2o_odometry]: Waiting for laser_scans....
[cspc_lidar-1] full----- count=401,time=567159,frequence=100
[cspc_lidar-1] full----- count=400,time=568256,frequence=100
[cspc_lidar-1] full----- count=401,time=569351,frequence=100
[cspc_lidar-1] full----- count=400,time=570447,frequence=100
[rf2o_laser_odometry_node-4] [WARN] [1773657575.683321928] [robot.rf2o_odometry]: Waiting for laser_scans....
[rf2o_laser_odometry_node-4] [WARN] [1773657575.783319360] [robot.rf2o_odometry]: Waiting for laser_scans....
[rf2o_laser_odometry_node-4] [WARN] [1773657575.883319533] [robot.rf2o_odometry]: Waiting for laser_scans....
[rf2o_laser_odometry_node-4] [WARN] [1773657575.983315427] [robot.rf2o_odometry]: Waiting for laser_scans....
[rf2o_laser_odometry_node-4] [WARN] [1773657576.083313529] [robot.rf2o_odometry]: Waiting for laser_scans....
[rf2o_laser_odometry_node-4] [WARN] [1773657576.183314023] [robot.rf2o_odometry]: Waiting for laser_scans....
[rf2o_laser_odometry_node-4] [WARN] [1773657576.283320110] [robot.rf2o_odometry]: Waiting for laser_scans....
[rf2o_laser_odometry_node-4] [WARN] [1773657576.383315547] [robot.rf2o_odometry]: Waiting for laser_scans....
[rf2o_laser_odometry_node-4] [WARN] [1773657576.483320523] [robot.rf2o_odometry]: Waiting for laser_scans....
[rf2o_laser_odometry_node-4] [WARN] [1773657576.583326759] [robot.rf2o_odometry]: Waiting for laser_scans....
[rf2o_laser_odometry_node-4] [WARN] [1773657576.683316399] [robot.rf2o_odometry]: Waiting for laser_scans....
[rf2o_laser_odometry_node-4] [WARN] [1773657576.783327894] [robot.rf2o_odometry]: Waiting for laser_scans....
[rf2o_laser_odometry_node-4] [WARN] [1773657576.883318720] [robot.rf2o_odometry]: Waiting for laser_scans....
[rf2o_laser_odometry_node-4] [WARN] [1773657576.983315768] [robot.rf2o_odometry]: Waiting for laser_scans....
[rf2o_laser_odometry_node-4] [WARN] [1773657577.083317912] [robot.rf2o_odometry]: Waiting for laser_scans....
[rf2o_laser_odometry_node-4] [WARN] [1773657577.183323800] [robot.rf2o_odometry]: Waiting for laser_scans....
[rf2o_laser_odometry_node-4] [WARN] [1773657577.283324242] [robot.rf2o_odometry]: Waiting for laser_scans....
[rf2o_laser_odometry_node-4] [WARN] [1773657577.383312552] [robot.rf2o_odometry]: Waiting for laser_scans....
[rf2o_laser_odometry_node-4] [WARN] [1773657577.483315013] [robot.rf2o_odometry]: Waiting for laser_scans....
[rf2o_laser_odometry_node-4] [WARN] [1773657577.583313159] [robot.rf2o_odometry]: Waiting for laser_scans....
[rf2o_laser_odometry_node-4] [WARN] [1773657577.683319602] [robot.rf2o_odometry]: Waiting for laser_scans....
[rf2o_laser_odometry_node-4] [WARN] [1773657577.783315080] [robot.rf2o_odometry]: Waiting for laser_scans....
[rf2o_laser_odometry_node-4] [WARN] [1773657577.883314171] [robot.rf2o_odometry]: Waiting for laser_scans....
[rf2o_laser_odometry_node-4] [WARN] [1773657577.983311186] [robot.rf2o_odometry]: Waiting for laser_scans....
[rf2o_laser_odometry_node-4] [WARN] [1773657578.083314036] [robot.rf2o_odometry]: Waiting for laser_scans....
[rf2o_laser_odometry_node-4] [WARN] [1773657578.183308961] [robot.rf2o_odometry]: Waiting for laser_scans....
[rf2o_laser_odometry_node-4] [WARN] [1773657578.283315555] [robot.rf2o_odometry]: Waiting for laser_scans....
[rf2o_laser_odometry_node-4] [WARN] [1773657578.383311332] [robot.rf2o_odometry]: Waiting for laser_scans....
[rf2o_laser_odometry_node-4] [WARN] [1773657578.483324852] [robot.rf2o_odometry]: Waiting for laser_scans....
[rf2o_laser_odometry_node-4] [WARN] [1773657578.583310850] [robot.rf2o_odometry]: Waiting for laser_scans....
[rf2o_laser_odometry_node-4] [WARN] [1773657578.683313480] [robot.rf2o_odometry]: Waiting for laser_scans....
[rf2o_laser_odometry_node-4] [WARN] [1773657578.783320462] [robot.rf2o_odometry]: Waiting for laser_scans....
[rf2o_laser_odometry_node-4] [WARN] [1773657578.883313109] [robot.rf2o_odometry]: Waiting for laser_scans....
[rf2o_laser_odometry_node-4] [WARN] [1773657578.983312757] [robot.rf2o_odometry]: Waiting for laser_scans....
[rf2o_laser_odometry_node-4] [WARN] [1773657579.083316220] [robot.rf2o_odometry]: Waiting for laser_scans....
[rf2o_laser_odometry_node-4] [WARN] [1773657579.183310589] [robot.rf2o_odometry]: Waiting for laser_scans....
[rf2o_laser_odometry_node-4] [WARN] [1773657579.283324907] [robot.rf2o_odometry]: Waiting for laser_scans....
[rf2o_laser_odometry_node-4] [WARN] [1773657579.383317702] [robot.rf2o_odometry]: Waiting for laser_scans....
[rf2o_laser_odometry_node-4] [WARN] [1773657579.483320481] [robot.rf2o_odometry]: Waiting for laser_scans....
[rf2o_laser_odometry_node-4] [WARN] [1773657579.583322667] [robot.rf2o_odometry]: Waiting for laser_scans....
[rf2o_laser_odometry_node-4] [WARN] [1773657579.683321797] [robot.rf2o_odometry]: Waiting for laser_scans....
[rf2o_laser_odometry_node-4] [WARN] [1773657579.783319482] [robot.rf2o_odometry]: Waiting for laser_scans....
[rf2o_laser_odometry_node-4] [WARN] [1773657579.883318019] [robot.rf2o_odometry]: Waiting for laser_scans....
[rf2o_laser_odometry_node-4] [WARN] [1773657579.983317390] [robot.rf2o_odometry]: Waiting for laser_scans....
[rf2o_laser_odometry_node-4] [WARN] [1773657580.083315055] [robot.rf2o_odometry]: Waiting for laser_scans....
[rf2o_laser_odometry_node-4] [WARN] [1773657580.183317665] [robot.rf2o_odometry]: Waiting for laser_scans....
[rf2o_laser_odometry_node-4] [WARN] [1773657580.283317498] [robot.rf2o_odometry]: Waiting for laser_scans....
