[0.163s] Invoking command in '/home/pi/ros2_ws/build/rc_car_obstacle_detection': CMAKE_PREFIX_PATH=${CMAKE_PREFIX_PATH}:/opt/ros/jazzy /usr/bin/cmake --build /home/pi/ros2_ws/build/rc_car_obstacle_detection -- -j4 -l4
[0.376s] Built target ament_cmake_python_copy_rc_car_obstacle_detection_setup
[0.382s] Built target ament_cmake_python_copy_rc_car_obstacle_detection
[0.697s] running egg_info
[0.723s] writing rc_car_obstacle_detection.egg-info/PKG-INFO
[0.723s] writing dependency_links to rc_car_obstacle_detection.egg-info/dependency_links.txt
[0.808s] writing top-level names to rc_car_obstacle_detection.egg-info/top_level.txt
[1.005s] reading manifest file 'rc_car_obstacle_detection.egg-info/SOURCES.txt'
[1.009s] writing manifest file 'rc_car_obstacle_detection.egg-info/SOURCES.txt'
[1.084s] Built target ament_cmake_python_build_rc_car_obstacle_detection_egg
[1.105s] Invoked command in '/home/pi/ros2_ws/build/rc_car_obstacle_detection' returned '0': CMAKE_PREFIX_PATH=${CMAKE_PREFIX_PATH}:/opt/ros/jazzy /usr/bin/cmake --build /home/pi/ros2_ws/build/rc_car_obstacle_detection -- -j4 -l4
[1.126s] Invoking command in '/home/pi/ros2_ws/build/rc_car_obstacle_detection': CMAKE_PREFIX_PATH=${CMAKE_PREFIX_PATH}:/opt/ros/jazzy /usr/bin/cmake --install /home/pi/ros2_ws/build/rc_car_obstacle_detection
[1.144s] -- Install configuration: "Release"
[1.144s] -- Up-to-date: /home/pi/ros2_ws/install/rc_car_obstacle_detection/share/rc_car_obstacle_detection/environment/pythonpath.sh
[1.144s] -- Up-to-date: /home/pi/ros2_ws/install/rc_car_obstacle_detection/share/rc_car_obstacle_detection/environment/pythonpath.dsv
[1.144s] -- Up-to-date: /home/pi/ros2_ws/install/rc_car_obstacle_detection/lib/python3.12/site-packages/rc_car_obstacle_detection-1.0.0-py3.12.egg-info
[1.144s] -- Installing: /home/pi/ros2_ws/install/rc_car_obstacle_detection/lib/python3.12/site-packages/rc_car_obstacle_detection-1.0.0-py3.12.egg-info/dependency_links.txt
[1.144s] -- Installing: /home/pi/ros2_ws/install/rc_car_obstacle_detection/lib/python3.12/site-packages/rc_car_obstacle_detection-1.0.0-py3.12.egg-info/PKG-INFO
[1.145s] -- Installing: /home/pi/ros2_ws/install/rc_car_obstacle_detection/lib/python3.12/site-packages/rc_car_obstacle_detection-1.0.0-py3.12.egg-info/top_level.txt
[1.145s] -- Installing: /home/pi/ros2_ws/install/rc_car_obstacle_detection/lib/python3.12/site-packages/rc_car_obstacle_detection-1.0.0-py3.12.egg-info/SOURCES.txt
[1.145s] -- Up-to-date: /home/pi/ros2_ws/install/rc_car_obstacle_detection/lib/python3.12/site-packages/rc_car_obstacle_detection
[1.145s] -- Up-to-date: /home/pi/ros2_ws/install/rc_car_obstacle_detection/lib/python3.12/site-packages/rc_car_obstacle_detection/rf2o_wrapper.py
[1.145s] -- Up-to-date: /home/pi/ros2_ws/install/rc_car_obstacle_detection/lib/python3.12/site-packages/rc_car_obstacle_detection/lidar_processor.py
[1.145s] -- Up-to-date: /home/pi/ros2_ws/install/rc_car_obstacle_detection/lib/python3.12/site-packages/rc_car_obstacle_detection/costmap_publisher.py
[1.145s] -- Up-to-date: /home/pi/ros2_ws/install/rc_car_obstacle_detection/lib/python3.12/site-packages/rc_car_obstacle_detection/safety_controller.py
[1.145s] -- Up-to-date: /home/pi/ros2_ws/install/rc_car_obstacle_detection/lib/python3.12/site-packages/rc_car_obstacle_detection/stm32_bridge.py
[1.145s] -- Up-to-date: /home/pi/ros2_ws/install/rc_car_obstacle_detection/lib/python3.12/site-packages/rc_car_obstacle_detection/goal_sender.py
[1.145s] -- Up-to-date: /home/pi/ros2_ws/install/rc_car_obstacle_detection/lib/python3.12/site-packages/rc_car_obstacle_detection/__init__.py
[1.146s] -- Up-to-date: /home/pi/ros2_ws/install/rc_car_obstacle_detection/lib/python3.12/site-packages/rc_car_obstacle_detection/obstacle_fusion.py
[1.204s] Listing '/home/pi/ros2_ws/install/rc_car_obstacle_detection/lib/python3.12/site-packages/rc_car_obstacle_detection'...
[1.216s] -- Up-to-date: /home/pi/ros2_ws/install/rc_car_obstacle_detection/lib/rc_car_obstacle_detection/stm32_bridge.py
[1.217s] -- Up-to-date: /home/pi/ros2_ws/install/rc_car_obstacle_detection/lib/rc_car_obstacle_detection/lidar_processor.py
[1.217s] -- Up-to-date: /home/pi/ros2_ws/install/rc_car_obstacle_detection/lib/rc_car_obstacle_detection/obstacle_fusion.py
[1.217s] -- Up-to-date: /home/pi/ros2_ws/install/rc_car_obstacle_detection/lib/rc_car_obstacle_detection/safety_controller.py
[1.217s] -- Up-to-date: /home/pi/ros2_ws/install/rc_car_obstacle_detection/lib/rc_car_obstacle_detection/costmap_publisher.py
[1.217s] -- Up-to-date: /home/pi/ros2_ws/install/rc_car_obstacle_detection/lib/rc_car_obstacle_detection/goal_sender.py
[1.217s] -- Up-to-date: /home/pi/ros2_ws/install/rc_car_obstacle_detection/lib/rc_car_obstacle_detection/rf2o_wrapper.py
[1.218s] -- Up-to-date: /home/pi/ros2_ws/install/rc_car_obstacle_detection/share/rc_car_obstacle_detection/launch
[1.218s] -- Up-to-date: /home/pi/ros2_ws/install/rc_car_obstacle_detection/share/rc_car_obstacle_detection/launch/test_rf2o_minimal.launch.py
[1.218s] -- Up-to-date: /home/pi/ros2_ws/install/rc_car_obstacle_detection/share/rc_car_obstacle_detection/launch/slam_test.launch.py
[1.218s] -- Up-to-date: /home/pi/ros2_ws/install/rc_car_obstacle_detection/share/rc_car_obstacle_detection/launch/slam_manual_wrapper.launch.py
[1.218s] -- Up-to-date: /home/pi/ros2_ws/install/rc_car_obstacle_detection/share/rc_car_obstacle_detection/launch/rc_car_slam.launch.py
[1.218s] -- Up-to-date: /home/pi/ros2_ws/install/rc_car_obstacle_detection/share/rc_car_obstacle_detection/launch/full_system.launch.py
[1.218s] -- Up-to-date: /home/pi/ros2_ws/install/rc_car_obstacle_detection/share/rc_car_obstacle_detection/launch/obstacle_detection.launch.py
[1.218s] -- Up-to-date: /home/pi/ros2_ws/install/rc_car_obstacle_detection/share/rc_car_obstacle_detection/launch/slam_imu.launch.py
[1.218s] -- Up-to-date: /home/pi/ros2_ws/install/rc_car_obstacle_detection/share/rc_car_obstacle_detection/launch/nav2_slam.launch.py
[1.218s] -- Up-to-date: /home/pi/ros2_ws/install/rc_car_obstacle_detection/share/rc_car_obstacle_detection/launch/simple_start.launch.py
[1.218s] -- Up-to-date: /home/pi/ros2_ws/install/rc_car_obstacle_detection/share/rc_car_obstacle_detection/launch/slam_working.launch.py
[1.219s] -- Up-to-date: /home/pi/ros2_ws/install/rc_car_obstacle_detection/share/rc_car_obstacle_detection/launch/slam_only.launch.py
[1.219s] -- Up-to-date: /home/pi/ros2_ws/install/rc_car_obstacle_detection/share/rc_car_obstacle_detection/launch/slam_simple.launch.py
[1.219s] -- Up-to-date: /home/pi/ros2_ws/install/rc_car_obstacle_detection/share/rc_car_obstacle_detection/launch/nav2_rf2o.launch.py
[1.219s] -- Up-to-date: /home/pi/ros2_ws/install/rc_car_obstacle_detection/share/rc_car_obstacle_detection/launch/cartographer_slam.launch.py
[1.219s] -- Up-to-date: /home/pi/ros2_ws/install/rc_car_obstacle_detection/share/rc_car_obstacle_detection/config
[1.219s] -- Up-to-date: /home/pi/ros2_ws/install/rc_car_obstacle_detection/share/rc_car_obstacle_detection/config/nav2_params.yaml
[1.219s] -- Up-to-date: /home/pi/ros2_ws/install/rc_car_obstacle_detection/share/rc_car_obstacle_detection/config/rf2o.yaml
[1.219s] -- Up-to-date: /home/pi/ros2_ws/install/rc_car_obstacle_detection/share/rc_car_obstacle_detection/config/ekf_imu.yaml
[1.219s] -- Up-to-date: /home/pi/ros2_ws/install/rc_car_obstacle_detection/share/rc_car_obstacle_detection/config/params.yaml
[1.219s] -- Up-to-date: /home/pi/ros2_ws/install/rc_car_obstacle_detection/share/rc_car_obstacle_detection/cartographer_config
[1.219s] -- Up-to-date: /home/pi/ros2_ws/install/rc_car_obstacle_detection/share/rc_car_obstacle_detection/cartographer_config/cartographer.lua
[1.220s] -- Up-to-date: /home/pi/ros2_ws/install/rc_car_obstacle_detection/share/rc_car_obstacle_detection/cartographer_config/backpack_2d.lua
[1.220s] -- Up-to-date: /home/pi/ros2_ws/install/rc_car_obstacle_detection/share/ament_index/resource_index/package_run_dependencies/rc_car_obstacle_detection
[1.220s] -- Up-to-date: /home/pi/ros2_ws/install/rc_car_obstacle_detection/share/ament_index/resource_index/parent_prefix_path/rc_car_obstacle_detection
[1.220s] -- Up-to-date: /home/pi/ros2_ws/install/rc_car_obstacle_detection/share/rc_car_obstacle_detection/environment/ament_prefix_path.sh
[1.220s] -- Up-to-date: /home/pi/ros2_ws/install/rc_car_obstacle_detection/share/rc_car_obstacle_detection/environment/ament_prefix_path.dsv
[1.220s] -- Up-to-date: /home/pi/ros2_ws/install/rc_car_obstacle_detection/share/rc_car_obstacle_detection/environment/path.sh
[1.220s] -- Up-to-date: /home/pi/ros2_ws/install/rc_car_obstacle_detection/share/rc_car_obstacle_detection/environment/path.dsv
[1.220s] -- Up-to-date: /home/pi/ros2_ws/install/rc_car_obstacle_detection/share/rc_car_obstacle_detection/local_setup.bash
[1.220s] -- Up-to-date: /home/pi/ros2_ws/install/rc_car_obstacle_detection/share/rc_car_obstacle_detection/local_setup.sh
[1.220s] -- Up-to-date: /home/pi/ros2_ws/install/rc_car_obstacle_detection/share/rc_car_obstacle_detection/local_setup.zsh
[1.220s] -- Up-to-date: /home/pi/ros2_ws/install/rc_car_obstacle_detection/share/rc_car_obstacle_detection/local_setup.dsv
[1.221s] -- Installing: /home/pi/ros2_ws/install/rc_car_obstacle_detection/share/rc_car_obstacle_detection/package.dsv
[1.221s] -- Up-to-date: /home/pi/ros2_ws/install/rc_car_obstacle_detection/share/ament_index/resource_index/packages/rc_car_obstacle_detection
[1.221s] -- Up-to-date: /home/pi/ros2_ws/install/rc_car_obstacle_detection/share/rc_car_obstacle_detection/cmake/rc_car_obstacle_detectionConfig.cmake
[1.221s] -- Up-to-date: /home/pi/ros2_ws/install/rc_car_obstacle_detection/share/rc_car_obstacle_detection/cmake/rc_car_obstacle_detectionConfig-version.cmake
[1.221s] -- Up-to-date: /home/pi/ros2_ws/install/rc_car_obstacle_detection/share/rc_car_obstacle_detection/package.xml
[1.224s] Invoked command in '/home/pi/ros2_ws/build/rc_car_obstacle_detection' returned '0': CMAKE_PREFIX_PATH=${CMAKE_PREFIX_PATH}:/opt/ros/jazzy /usr/bin/cmake --install /home/pi/ros2_ws/build/rc_car_obstacle_detection
