[0.334s] DEBUG:colcon:Command line arguments: ['/usr/bin/colcon', 'build', '--packages-select', 'rc_car_obstacle_detection', '--executor', 'sequential', '--parallel-workers', '1', '--cmake-args', '-DBUILD_TESTING=OFF', '-DCMAKE_BUILD_TYPE=Release']
[0.334s] DEBUG:colcon:Parsed command line arguments: Namespace(log_base=None, log_level=None, verb_name='build', build_base='build', install_base='install', merge_install=False, symlink_install=False, test_result_base=None, continue_on_error=False, executor='sequential', parallel_workers=1, event_handlers=None, ignore_user_meta=False, metas=['./colcon.meta'], base_paths=['.'], packages_ignore=None, packages_ignore_regex=None, paths=None, packages_up_to=None, packages_up_to_regex=None, packages_above=None, packages_above_and_dependencies=None, packages_above_depth=None, packages_select_by_dep=None, packages_skip_by_dep=None, packages_skip_up_to=None, packages_select_build_failed=False, packages_skip_build_finished=False, packages_select_test_failures=False, packages_skip_test_passed=False, packages_select=['rc_car_obstacle_detection'], packages_skip=None, packages_select_regex=None, packages_skip_regex=None, packages_start=None, packages_end=None, allow_overriding=[], cmake_args=['-DBUILD_TESTING=OFF', '-DCMAKE_BUILD_TYPE=Release'], cmake_target=None, cmake_target_skip_unavailable=False, cmake_clean_cache=False, cmake_clean_first=False, cmake_force_configure=False, ament_cmake_args=None, catkin_cmake_args=None, catkin_skip_building_tests=False, verb_parser=<colcon_defaults.argument_parser.defaults.DefaultArgumentsDecorator object at 0xffff83f7bcb0>, verb_extension=<colcon_core.verb.build.BuildVerb object at 0xffff84a060f0>, main=<bound method BuildVerb.main of <colcon_core.verb.build.BuildVerb object at 0xffff84a060f0>>)
[0.458s] Level 1:colcon.colcon_core.package_discovery:discover_packages(colcon_meta) check parameters
[0.458s] Level 1:colcon.colcon_core.package_discovery:discover_packages(recursive) check parameters
[0.458s] Level 1:colcon.colcon_core.package_discovery:discover_packages(ignore) check parameters
[0.458s] Level 1:colcon.colcon_core.package_discovery:discover_packages(path) check parameters
[0.458s] Level 1:colcon.colcon_core.package_discovery:discover_packages(colcon_meta) discover
[0.458s] Level 1:colcon.colcon_core.package_discovery:discover_packages(recursive) discover
[0.458s] INFO:colcon.colcon_core.package_discovery:Crawling recursively for packages in '/home/pi/ros2_ws'
[0.459s] Level 1:colcon.colcon_core.package_identification:_identify(.) by extensions ['ignore', 'ignore_ament_install']
[0.459s] Level 1:colcon.colcon_core.package_identification:_identify(.) by extension 'ignore'
[0.459s] Level 1:colcon.colcon_core.package_identification:_identify(.) by extension 'ignore_ament_install'
[0.459s] Level 1:colcon.colcon_core.package_identification:_identify(.) by extensions ['colcon_pkg']
[0.459s] Level 1:colcon.colcon_core.package_identification:_identify(.) by extension 'colcon_pkg'
[0.459s] Level 1:colcon.colcon_core.package_identification:_identify(.) by extensions ['colcon_meta']
[0.459s] Level 1:colcon.colcon_core.package_identification:_identify(.) by extension 'colcon_meta'
[0.459s] Level 1:colcon.colcon_core.package_identification:_identify(.) by extensions ['ros']
[0.459s] Level 1:colcon.colcon_core.package_identification:_identify(.) by extension 'ros'
[0.536s] Level 1:colcon.colcon_core.package_identification:_identify(.) by extensions ['cmake', 'python']
[0.537s] Level 1:colcon.colcon_core.package_identification:_identify(.) by extension 'cmake'
[0.537s] Level 1:colcon.colcon_core.package_identification:_identify(.) by extension 'python'
[0.537s] Level 1:colcon.colcon_core.package_identification:_identify(.) by extensions ['python_setup_py']
[0.537s] Level 1:colcon.colcon_core.package_identification:_identify(.) by extension 'python_setup_py'
[0.537s] Level 1:colcon.colcon_core.package_identification:_identify(build) by extensions ['ignore', 'ignore_ament_install']
[0.537s] Level 1:colcon.colcon_core.package_identification:_identify(build) by extension 'ignore'
[0.537s] Level 1:colcon.colcon_core.package_identification:_identify(build) ignored
[0.537s] Level 1:colcon.colcon_core.package_identification:_identify(install) by extensions ['ignore', 'ignore_ament_install']
[0.538s] Level 1:colcon.colcon_core.package_identification:_identify(install) by extension 'ignore'
[0.538s] Level 1:colcon.colcon_core.package_identification:_identify(install) ignored
[0.538s] Level 1:colcon.colcon_core.package_identification:_identify(log) by extensions ['ignore', 'ignore_ament_install']
[0.538s] Level 1:colcon.colcon_core.package_identification:_identify(log) by extension 'ignore'
[0.538s] Level 1:colcon.colcon_core.package_identification:_identify(log) ignored
[0.538s] Level 1:colcon.colcon_core.package_identification:_identify(src) by extensions ['ignore', 'ignore_ament_install']
[0.538s] Level 1:colcon.colcon_core.package_identification:_identify(src) by extension 'ignore'
[0.538s] Level 1:colcon.colcon_core.package_identification:_identify(src) by extension 'ignore_ament_install'
[0.538s] Level 1:colcon.colcon_core.package_identification:_identify(src) by extensions ['colcon_pkg']
[0.538s] Level 1:colcon.colcon_core.package_identification:_identify(src) by extension 'colcon_pkg'
[0.538s] Level 1:colcon.colcon_core.package_identification:_identify(src) by extensions ['colcon_meta']
[0.538s] Level 1:colcon.colcon_core.package_identification:_identify(src) by extension 'colcon_meta'
[0.538s] Level 1:colcon.colcon_core.package_identification:_identify(src) by extensions ['ros']
[0.539s] Level 1:colcon.colcon_core.package_identification:_identify(src) by extension 'ros'
[0.539s] Level 1:colcon.colcon_core.package_identification:_identify(src) by extensions ['cmake', 'python']
[0.539s] Level 1:colcon.colcon_core.package_identification:_identify(src) by extension 'cmake'
[0.539s] Level 1:colcon.colcon_core.package_identification:_identify(src) by extension 'python'
[0.539s] Level 1:colcon.colcon_core.package_identification:_identify(src) by extensions ['python_setup_py']
[0.539s] Level 1:colcon.colcon_core.package_identification:_identify(src) by extension 'python_setup_py'
[0.539s] Level 1:colcon.colcon_core.package_identification:_identify(src/cspc_lidar_sdk_ros2) by extensions ['ignore', 'ignore_ament_install']
[0.539s] Level 1:colcon.colcon_core.package_identification:_identify(src/cspc_lidar_sdk_ros2) by extension 'ignore'
[0.539s] Level 1:colcon.colcon_core.package_identification:_identify(src/cspc_lidar_sdk_ros2) by extension 'ignore_ament_install'
[0.539s] Level 1:colcon.colcon_core.package_identification:_identify(src/cspc_lidar_sdk_ros2) by extensions ['colcon_pkg']
[0.539s] Level 1:colcon.colcon_core.package_identification:_identify(src/cspc_lidar_sdk_ros2) by extension 'colcon_pkg'
[0.539s] Level 1:colcon.colcon_core.package_identification:_identify(src/cspc_lidar_sdk_ros2) by extensions ['colcon_meta']
[0.539s] Level 1:colcon.colcon_core.package_identification:_identify(src/cspc_lidar_sdk_ros2) by extension 'colcon_meta'
[0.539s] Level 1:colcon.colcon_core.package_identification:_identify(src/cspc_lidar_sdk_ros2) by extensions ['ros']
[0.539s] Level 1:colcon.colcon_core.package_identification:_identify(src/cspc_lidar_sdk_ros2) by extension 'ros'
[0.549s] DEBUG:colcon.colcon_core.package_identification:Package 'src/cspc_lidar_sdk_ros2' with type 'ros.ament_cmake' and name 'cspc_lidar'
[0.549s] Level 1:colcon.colcon_core.package_identification:_identify(src/rc_car_obstacle_detection) by extensions ['ignore', 'ignore_ament_install']
[0.549s] Level 1:colcon.colcon_core.package_identification:_identify(src/rc_car_obstacle_detection) by extension 'ignore'
[0.549s] Level 1:colcon.colcon_core.package_identification:_identify(src/rc_car_obstacle_detection) by extension 'ignore_ament_install'
[0.550s] Level 1:colcon.colcon_core.package_identification:_identify(src/rc_car_obstacle_detection) by extensions ['colcon_pkg']
[0.550s] Level 1:colcon.colcon_core.package_identification:_identify(src/rc_car_obstacle_detection) by extension 'colcon_pkg'
[0.550s] Level 1:colcon.colcon_core.package_identification:_identify(src/rc_car_obstacle_detection) by extensions ['colcon_meta']
[0.550s] Level 1:colcon.colcon_core.package_identification:_identify(src/rc_car_obstacle_detection) by extension 'colcon_meta'
[0.550s] Level 1:colcon.colcon_core.package_identification:_identify(src/rc_car_obstacle_detection) by extensions ['ros']
[0.550s] Level 1:colcon.colcon_core.package_identification:_identify(src/rc_car_obstacle_detection) by extension 'ros'
[0.551s] DEBUG:colcon.colcon_core.package_identification:Package 'src/rc_car_obstacle_detection' with type 'ros.ament_cmake' and name 'rc_car_obstacle_detection'
[0.552s] Level 1:colcon.colcon_core.package_identification:_identify(src/rf2o_laser_odometry) by extensions ['ignore', 'ignore_ament_install']
[0.552s] Level 1:colcon.colcon_core.package_identification:_identify(src/rf2o_laser_odometry) by extension 'ignore'
[0.552s] Level 1:colcon.colcon_core.package_identification:_identify(src/rf2o_laser_odometry) by extension 'ignore_ament_install'
[0.552s] Level 1:colcon.colcon_core.package_identification:_identify(src/rf2o_laser_odometry) by extensions ['colcon_pkg']
[0.552s] Level 1:colcon.colcon_core.package_identification:_identify(src/rf2o_laser_odometry) by extension 'colcon_pkg'
[0.552s] Level 1:colcon.colcon_core.package_identification:_identify(src/rf2o_laser_odometry) by extensions ['colcon_meta']
[0.552s] Level 1:colcon.colcon_core.package_identification:_identify(src/rf2o_laser_odometry) by extension 'colcon_meta'
[0.552s] Level 1:colcon.colcon_core.package_identification:_identify(src/rf2o_laser_odometry) by extensions ['ros']
[0.552s] Level 1:colcon.colcon_core.package_identification:_identify(src/rf2o_laser_odometry) by extension 'ros'
[0.553s] DEBUG:colcon.colcon_core.package_identification:Package 'src/rf2o_laser_odometry' with type 'ros.ament_cmake' and name 'rf2o_laser_odometry'
[0.553s] Level 1:colcon.colcon_core.package_discovery:discover_packages(recursive) using defaults
[0.554s] Level 1:colcon.colcon_core.package_discovery:discover_packages(ignore) discover
[0.554s] Level 1:colcon.colcon_core.package_discovery:discover_packages(ignore) using defaults
[0.554s] Level 1:colcon.colcon_core.package_discovery:discover_packages(path) discover
[0.554s] Level 1:colcon.colcon_core.package_discovery:discover_packages(path) using defaults
[0.606s] INFO:colcon.colcon_core.package_selection:Skipping not selected package 'cspc_lidar' in 'src/cspc_lidar_sdk_ros2'
[0.606s] INFO:colcon.colcon_core.package_selection:Skipping not selected package 'rf2o_laser_odometry' in 'src/rf2o_laser_odometry'
[0.607s] Level 1:colcon.colcon_core.package_discovery:discover_packages(prefix_path) check parameters
[0.607s] Level 1:colcon.colcon_core.package_discovery:discover_packages(prefix_path) discover
[0.612s] DEBUG:colcon.colcon_installed_package_information.package_discovery:Found 3 installed packages in /home/pi/ros2_ws/install
[0.615s] DEBUG:colcon.colcon_installed_package_information.package_discovery:Found 322 installed packages in /opt/ros/jazzy
[0.616s] Level 1:colcon.colcon_core.package_discovery:discover_packages(prefix_path) using defaults
[0.686s] Level 5:colcon.colcon_core.verb:set package 'rc_car_obstacle_detection' build argument 'cmake_args' from command line to '['-DBUILD_TESTING=OFF', '-DCMAKE_BUILD_TYPE=Release']'
[0.687s] Level 5:colcon.colcon_core.verb:set package 'rc_car_obstacle_detection' build argument 'cmake_target' from command line to 'None'
[0.687s] Level 5:colcon.colcon_core.verb:set package 'rc_car_obstacle_detection' build argument 'cmake_target_skip_unavailable' from command line to 'False'
[0.687s] Level 5:colcon.colcon_core.verb:set package 'rc_car_obstacle_detection' build argument 'cmake_clean_cache' from command line to 'False'
[0.687s] Level 5:colcon.colcon_core.verb:set package 'rc_car_obstacle_detection' build argument 'cmake_clean_first' from command line to 'False'
[0.687s] Level 5:colcon.colcon_core.verb:set package 'rc_car_obstacle_detection' build argument 'cmake_force_configure' from command line to 'False'
[0.687s] Level 5:colcon.colcon_core.verb:set package 'rc_car_obstacle_detection' build argument 'ament_cmake_args' from command line to 'None'
[0.687s] Level 5:colcon.colcon_core.verb:set package 'rc_car_obstacle_detection' build argument 'catkin_cmake_args' from command line to 'None'
[0.687s] Level 5:colcon.colcon_core.verb:set package 'rc_car_obstacle_detection' build argument 'catkin_skip_building_tests' from command line to 'False'
[0.687s] DEBUG:colcon.colcon_core.verb:Building package 'rc_car_obstacle_detection' with the following arguments: {'ament_cmake_args': None, 'build_base': '/home/pi/ros2_ws/build/rc_car_obstacle_detection', 'catkin_cmake_args': None, 'catkin_skip_building_tests': False, 'cmake_args': ['-DBUILD_TESTING=OFF', '-DCMAKE_BUILD_TYPE=Release'], 'cmake_clean_cache': False, 'cmake_clean_first': False, 'cmake_force_configure': False, 'cmake_target': None, 'cmake_target_skip_unavailable': False, 'install_base': '/home/pi/ros2_ws/install/rc_car_obstacle_detection', 'merge_install': False, 'path': '/home/pi/ros2_ws/src/rc_car_obstacle_detection', 'symlink_install': False, 'test_result_base': None}
[0.687s] INFO:colcon.colcon_core.executor:Executing jobs using 'sequential' executor
[0.688s] DEBUG:colcon.colcon_core.executor.sequential:run_until_complete 'rc_car_obstacle_detection'
[0.688s] INFO:colcon.colcon_ros.task.ament_cmake.build:Building ROS package in '/home/pi/ros2_ws/src/rc_car_obstacle_detection' with build type 'ament_cmake'
[0.689s] INFO:colcon.colcon_cmake.task.cmake.build:Building CMake package in '/home/pi/ros2_ws/src/rc_car_obstacle_detection'
[0.697s] INFO:colcon.colcon_core.plugin_system:Skipping extension 'colcon_core.shell.bat': Not used on non-Windows systems
[0.697s] INFO:colcon.colcon_core.shell:Skip shell extension 'powershell' for command environment: Not usable outside of PowerShell
[0.697s] DEBUG:colcon.colcon_core.shell:Skip shell extension 'dsv' for command environment
[0.713s] DEBUG:colcon.colcon_core.event_handler.log_command:Invoking command in '/home/pi/ros2_ws/build/rc_car_obstacle_detection': CMAKE_PREFIX_PATH=${CMAKE_PREFIX_PATH}:/opt/ros/jazzy /usr/bin/cmake /home/pi/ros2_ws/src/rc_car_obstacle_detection -DBUILD_TESTING=OFF -DCMAKE_BUILD_TYPE=Release -DCMAKE_INSTALL_PREFIX=/home/pi/ros2_ws/install/rc_car_obstacle_detection
[1.552s] DEBUG:colcon.colcon_core.event_handler.log_command:Invoked command in '/home/pi/ros2_ws/build/rc_car_obstacle_detection' returned '0': CMAKE_PREFIX_PATH=${CMAKE_PREFIX_PATH}:/opt/ros/jazzy /usr/bin/cmake /home/pi/ros2_ws/src/rc_car_obstacle_detection -DBUILD_TESTING=OFF -DCMAKE_BUILD_TYPE=Release -DCMAKE_INSTALL_PREFIX=/home/pi/ros2_ws/install/rc_car_obstacle_detection
[1.554s] DEBUG:colcon.colcon_core.event_handler.log_command:Invoking command in '/home/pi/ros2_ws/build/rc_car_obstacle_detection': CMAKE_PREFIX_PATH=${CMAKE_PREFIX_PATH}:/opt/ros/jazzy /usr/bin/cmake --build /home/pi/ros2_ws/build/rc_car_obstacle_detection -- -j4 -l4
[2.233s] DEBUG:colcon.colcon_core.event_handler.log_command:Invoked command in '/home/pi/ros2_ws/build/rc_car_obstacle_detection' returned '0': CMAKE_PREFIX_PATH=${CMAKE_PREFIX_PATH}:/opt/ros/jazzy /usr/bin/cmake --build /home/pi/ros2_ws/build/rc_car_obstacle_detection -- -j4 -l4
[2.253s] DEBUG:colcon.colcon_core.event_handler.log_command:Invoking command in '/home/pi/ros2_ws/build/rc_car_obstacle_detection': CMAKE_PREFIX_PATH=${CMAKE_PREFIX_PATH}:/opt/ros/jazzy /usr/bin/cmake --install /home/pi/ros2_ws/build/rc_car_obstacle_detection
[2.358s] Level 1:colcon.colcon_core.environment:create_environment_scripts_only(rc_car_obstacle_detection)
[2.359s] DEBUG:colcon.colcon_core.event_handler.log_command:Invoked command in '/home/pi/ros2_ws/build/rc_car_obstacle_detection' returned '0': CMAKE_PREFIX_PATH=${CMAKE_PREFIX_PATH}:/opt/ros/jazzy /usr/bin/cmake --install /home/pi/ros2_ws/build/rc_car_obstacle_detection
[2.369s] Level 1:colcon.colcon_core.environment:checking '/home/pi/ros2_ws/install/rc_car_obstacle_detection' for CMake module files
[2.370s] Level 1:colcon.colcon_core.environment:checking '/home/pi/ros2_ws/install/rc_car_obstacle_detection' for CMake config files
[2.370s] Level 1:colcon.colcon_core.shell:create_environment_hook('rc_car_obstacle_detection', 'cmake_prefix_path')
[2.371s] INFO:colcon.colcon_core.shell:Creating environment hook '/home/pi/ros2_ws/install/rc_car_obstacle_detection/share/rc_car_obstacle_detection/hook/cmake_prefix_path.ps1'
[2.371s] INFO:colcon.colcon_core.shell:Creating environment descriptor '/home/pi/ros2_ws/install/rc_car_obstacle_detection/share/rc_car_obstacle_detection/hook/cmake_prefix_path.dsv'
[2.372s] INFO:colcon.colcon_core.shell:Creating environment hook '/home/pi/ros2_ws/install/rc_car_obstacle_detection/share/rc_car_obstacle_detection/hook/cmake_prefix_path.sh'
[2.375s] Level 1:colcon.colcon_core.environment:checking '/home/pi/ros2_ws/install/rc_car_obstacle_detection/lib'
[2.375s] Level 1:colcon.colcon_core.environment:checking '/home/pi/ros2_ws/install/rc_car_obstacle_detection/bin'
[2.375s] Level 1:colcon.colcon_core.environment:checking '/home/pi/ros2_ws/install/rc_car_obstacle_detection/lib/pkgconfig/rc_car_obstacle_detection.pc'
[2.375s] Level 1:colcon.colcon_core.environment:checking '/home/pi/ros2_ws/install/rc_car_obstacle_detection/lib/python3.12/site-packages'
[2.375s] Level 1:colcon.colcon_core.shell:create_environment_hook('rc_car_obstacle_detection', 'pythonpath')
[2.376s] INFO:colcon.colcon_core.shell:Creating environment hook '/home/pi/ros2_ws/install/rc_car_obstacle_detection/share/rc_car_obstacle_detection/hook/pythonpath.ps1'
[2.376s] INFO:colcon.colcon_core.shell:Creating environment descriptor '/home/pi/ros2_ws/install/rc_car_obstacle_detection/share/rc_car_obstacle_detection/hook/pythonpath.dsv'
[2.377s] INFO:colcon.colcon_core.shell:Creating environment hook '/home/pi/ros2_ws/install/rc_car_obstacle_detection/share/rc_car_obstacle_detection/hook/pythonpath.sh'
[2.378s] Level 1:colcon.colcon_core.environment:checking '/home/pi/ros2_ws/install/rc_car_obstacle_detection/bin'
[2.379s] INFO:colcon.colcon_core.shell:Creating package script '/home/pi/ros2_ws/install/rc_car_obstacle_detection/share/rc_car_obstacle_detection/package.ps1'
[2.380s] INFO:colcon.colcon_core.shell:Creating package descriptor '/home/pi/ros2_ws/install/rc_car_obstacle_detection/share/rc_car_obstacle_detection/package.dsv'
[2.381s] INFO:colcon.colcon_core.shell:Creating package script '/home/pi/ros2_ws/install/rc_car_obstacle_detection/share/rc_car_obstacle_detection/package.sh'
[2.382s] INFO:colcon.colcon_core.shell:Creating package script '/home/pi/ros2_ws/install/rc_car_obstacle_detection/share/rc_car_obstacle_detection/package.bash'
[2.382s] INFO:colcon.colcon_core.shell:Creating package script '/home/pi/ros2_ws/install/rc_car_obstacle_detection/share/rc_car_obstacle_detection/package.zsh'
[2.383s] Level 1:colcon.colcon_core.environment:create_file_with_runtime_dependencies(/home/pi/ros2_ws/install/rc_car_obstacle_detection/share/colcon-core/packages/rc_car_obstacle_detection)
[2.385s] Level 1:colcon.colcon_core.environment:create_environment_scripts_only(rc_car_obstacle_detection)
[2.385s] Level 1:colcon.colcon_core.environment:checking '/home/pi/ros2_ws/install/rc_car_obstacle_detection' for CMake module files
[2.386s] Level 1:colcon.colcon_core.environment:checking '/home/pi/ros2_ws/install/rc_car_obstacle_detection' for CMake config files
[2.386s] Level 1:colcon.colcon_core.shell:create_environment_hook('rc_car_obstacle_detection', 'cmake_prefix_path')
[2.386s] INFO:colcon.colcon_core.shell:Creating environment hook '/home/pi/ros2_ws/install/rc_car_obstacle_detection/share/rc_car_obstacle_detection/hook/cmake_prefix_path.ps1'
[2.387s] INFO:colcon.colcon_core.shell:Creating environment descriptor '/home/pi/ros2_ws/install/rc_car_obstacle_detection/share/rc_car_obstacle_detection/hook/cmake_prefix_path.dsv'
[2.387s] INFO:colcon.colcon_core.shell:Creating environment hook '/home/pi/ros2_ws/install/rc_car_obstacle_detection/share/rc_car_obstacle_detection/hook/cmake_prefix_path.sh'
[2.389s] Level 1:colcon.colcon_core.environment:checking '/home/pi/ros2_ws/install/rc_car_obstacle_detection/lib'
[2.389s] Level 1:colcon.colcon_core.environment:checking '/home/pi/ros2_ws/install/rc_car_obstacle_detection/bin'
[2.389s] Level 1:colcon.colcon_core.environment:checking '/home/pi/ros2_ws/install/rc_car_obstacle_detection/lib/pkgconfig/rc_car_obstacle_detection.pc'
[2.389s] Level 1:colcon.colcon_core.environment:checking '/home/pi/ros2_ws/install/rc_car_obstacle_detection/lib/python3.12/site-packages'
[2.389s] Level 1:colcon.colcon_core.shell:create_environment_hook('rc_car_obstacle_detection', 'pythonpath')
[2.390s] INFO:colcon.colcon_core.shell:Creating environment hook '/home/pi/ros2_ws/install/rc_car_obstacle_detection/share/rc_car_obstacle_detection/hook/pythonpath.ps1'
[2.391s] INFO:colcon.colcon_core.shell:Creating environment descriptor '/home/pi/ros2_ws/install/rc_car_obstacle_detection/share/rc_car_obstacle_detection/hook/pythonpath.dsv'
[2.392s] INFO:colcon.colcon_core.shell:Creating environment hook '/home/pi/ros2_ws/install/rc_car_obstacle_detection/share/rc_car_obstacle_detection/hook/pythonpath.sh'
[2.394s] Level 1:colcon.colcon_core.environment:checking '/home/pi/ros2_ws/install/rc_car_obstacle_detection/bin'
[2.394s] INFO:colcon.colcon_core.shell:Creating package script '/home/pi/ros2_ws/install/rc_car_obstacle_detection/share/rc_car_obstacle_detection/package.ps1'
[2.395s] INFO:colcon.colcon_core.shell:Creating package descriptor '/home/pi/ros2_ws/install/rc_car_obstacle_detection/share/rc_car_obstacle_detection/package.dsv'
[2.396s] INFO:colcon.colcon_core.shell:Creating package script '/home/pi/ros2_ws/install/rc_car_obstacle_detection/share/rc_car_obstacle_detection/package.sh'
[2.397s] INFO:colcon.colcon_core.shell:Creating package script '/home/pi/ros2_ws/install/rc_car_obstacle_detection/share/rc_car_obstacle_detection/package.bash'
[2.398s] INFO:colcon.colcon_core.shell:Creating package script '/home/pi/ros2_ws/install/rc_car_obstacle_detection/share/rc_car_obstacle_detection/package.zsh'
[2.399s] Level 1:colcon.colcon_core.environment:create_file_with_runtime_dependencies(/home/pi/ros2_ws/install/rc_car_obstacle_detection/share/colcon-core/packages/rc_car_obstacle_detection)
[2.400s] DEBUG:colcon.colcon_core.executor.sequential:run_until_complete 'rc_car_obstacle_detection' finished with '0'
[2.400s] DEBUG:colcon.colcon_core.executor.sequential:closing loop
[2.400s] DEBUG:colcon.colcon_core.executor.sequential:loop closed
[2.401s] DEBUG:colcon.colcon_core.event_reactor:joining thread
[2.409s] INFO:colcon.colcon_core.plugin_system:Skipping extension 'colcon_notification.desktop_notification.notify_send': Could not find 'notify-send'
[2.410s] INFO:colcon.colcon_core.plugin_system:Skipping extension 'colcon_notification.desktop_notification.terminal_notifier': Not used on non-Darwin systems
[2.410s] INFO:colcon.colcon_core.plugin_system:Skipping extension 'colcon_notification.desktop_notification.win32': Not used on non-Windows systems
[2.410s] INFO:colcon.colcon_notification.desktop_notification:Sending desktop notification using 'notify2'
[2.411s] DEBUG:colcon.colcon_notification.desktop_notification.notify2:Failed to initialize notify2: org.freedesktop.DBus.Error.ServiceUnknown: The name org.freedesktop.Notifications was not provided by any .service files
[2.411s] DEBUG:colcon.colcon_core.event_reactor:joined thread
[2.412s] INFO:colcon.colcon_core.shell:Creating prefix script '/home/pi/ros2_ws/install/local_setup.ps1'
[2.413s] INFO:colcon.colcon_core.shell:Creating prefix util module '/home/pi/ros2_ws/install/_local_setup_util_ps1.py'
[2.416s] INFO:colcon.colcon_core.shell:Creating prefix chain script '/home/pi/ros2_ws/install/setup.ps1'
[2.417s] INFO:colcon.colcon_core.shell:Creating prefix script '/home/pi/ros2_ws/install/local_setup.sh'
[2.418s] INFO:colcon.colcon_core.shell:Creating prefix util module '/home/pi/ros2_ws/install/_local_setup_util_sh.py'
[2.419s] INFO:colcon.colcon_core.shell:Creating prefix chain script '/home/pi/ros2_ws/install/setup.sh'
[2.423s] INFO:colcon.colcon_core.shell:Creating prefix script '/home/pi/ros2_ws/install/local_setup.bash'
[2.425s] INFO:colcon.colcon_core.shell:Creating prefix chain script '/home/pi/ros2_ws/install/setup.bash'
[2.426s] INFO:colcon.colcon_core.shell:Creating prefix script '/home/pi/ros2_ws/install/local_setup.zsh'
[2.427s] INFO:colcon.colcon_core.shell:Creating prefix chain script '/home/pi/ros2_ws/install/setup.zsh'
