[100%] Built target cspc_lidar
-- Install configuration: ""
-- Up-to-date: /home/pi/ros2_ws/install/cspc_lidar/lib/cspc_lidar/cspc_lidar
-- Up-to-date: /home/pi/ros2_ws/install/cspc_lidar/share/cspc_lidar/launch
-- Up-to-date: /home/pi/ros2_ws/install/cspc_lidar/share/cspc_lidar/launch/lidar_launch.py
-- Up-to-date: /home/pi/ros2_ws/install/cspc_lidar/share/cspc_lidar/launch/lidar_rviz.py
-- Up-to-date: /home/pi/ros2_ws/install/cspc_lidar/share/cspc_lidar/params
-- Up-to-date: /home/pi/ros2_ws/install/cspc_lidar/share/cspc_lidar/params/cspc_lidar.yaml
-- Up-to-date: /home/pi/ros2_ws/install/cspc_lidar/share/ament_index/resource_index/package_run_dependencies/cspc_lidar
-- Up-to-date: /home/pi/ros2_ws/install/cspc_lidar/share/ament_index/resource_index/parent_prefix_path/cspc_lidar
-- Up-to-date: /home/pi/ros2_ws/install/cspc_lidar/share/cspc_lidar/environment/ament_prefix_path.sh
-- Up-to-date: /home/pi/ros2_ws/install/cspc_lidar/share/cspc_lidar/environment/ament_prefix_path.dsv
-- Up-to-date: /home/pi/ros2_ws/install/cspc_lidar/share/cspc_lidar/environment/path.sh
-- Up-to-date: /home/pi/ros2_ws/install/cspc_lidar/share/cspc_lidar/environment/path.dsv
-- Up-to-date: /home/pi/ros2_ws/install/cspc_lidar/share/cspc_lidar/local_setup.bash
-- Up-to-date: /home/pi/ros2_ws/install/cspc_lidar/share/cspc_lidar/local_setup.sh
-- Up-to-date: /home/pi/ros2_ws/install/cspc_lidar/share/cspc_lidar/local_setup.zsh
-- Up-to-date: /home/pi/ros2_ws/install/cspc_lidar/share/cspc_lidar/local_setup.dsv
-- Installing: /home/pi/ros2_ws/install/cspc_lidar/share/cspc_lidar/package.dsv
-- Up-to-date: /home/pi/ros2_ws/install/cspc_lidar/share/ament_index/resource_index/packages/cspc_lidar
-- Up-to-date: /home/pi/ros2_ws/install/cspc_lidar/share/cspc_lidar/cmake/cspc_lidarConfig.cmake
-- Up-to-date: /home/pi/ros2_ws/install/cspc_lidar/share/cspc_lidar/cmake/cspc_lidarConfig-version.cmake
-- Up-to-date: /home/pi/ros2_ws/install/cspc_lidar/share/cspc_lidar/package.xml
