[0.041s] Invoking command in '/home/pi/ros2_ws/build/cspc_lidar': CMAKE_PREFIX_PATH=${CMAKE_PREFIX_PATH}:/opt/ros/jazzy /usr/bin/cmake --build /home/pi/ros2_ws/build/cspc_lidar -- -j4 -l4
[0.609s] [100%] Built target cspc_lidar
[0.635s] Invoked command in '/home/pi/ros2_ws/build/cspc_lidar' returned '0': CMAKE_PREFIX_PATH=${CMAKE_PREFIX_PATH}:/opt/ros/jazzy /usr/bin/cmake --build /home/pi/ros2_ws/build/cspc_lidar -- -j4 -l4
[0.639s] Invoking command in '/home/pi/ros2_ws/build/cspc_lidar': CMAKE_PREFIX_PATH=${CMAKE_PREFIX_PATH}:/opt/ros/jazzy /usr/bin/cmake --install /home/pi/ros2_ws/build/cspc_lidar
[0.657s] -- Install configuration: ""
[0.657s] -- Up-to-date: /home/pi/ros2_ws/install/cspc_lidar/lib/cspc_lidar/cspc_lidar
[0.657s] -- Up-to-date: /home/pi/ros2_ws/install/cspc_lidar/share/cspc_lidar/launch
[0.658s] -- Up-to-date: /home/pi/ros2_ws/install/cspc_lidar/share/cspc_lidar/launch/lidar_launch.py
[0.658s] -- Up-to-date: /home/pi/ros2_ws/install/cspc_lidar/share/cspc_lidar/launch/lidar_rviz.py
[0.658s] -- Up-to-date: /home/pi/ros2_ws/install/cspc_lidar/share/cspc_lidar/params
[0.658s] -- Up-to-date: /home/pi/ros2_ws/install/cspc_lidar/share/cspc_lidar/params/cspc_lidar.yaml
[0.658s] -- Up-to-date: /home/pi/ros2_ws/install/cspc_lidar/share/ament_index/resource_index/package_run_dependencies/cspc_lidar
[0.658s] -- Up-to-date: /home/pi/ros2_ws/install/cspc_lidar/share/ament_index/resource_index/parent_prefix_path/cspc_lidar
[0.658s] -- Up-to-date: /home/pi/ros2_ws/install/cspc_lidar/share/cspc_lidar/environment/ament_prefix_path.sh
[0.658s] -- Up-to-date: /home/pi/ros2_ws/install/cspc_lidar/share/cspc_lidar/environment/ament_prefix_path.dsv
[0.659s] -- Up-to-date: /home/pi/ros2_ws/install/cspc_lidar/share/cspc_lidar/environment/path.sh
[0.659s] -- Up-to-date: /home/pi/ros2_ws/install/cspc_lidar/share/cspc_lidar/environment/path.dsv
[0.659s] -- Up-to-date: /home/pi/ros2_ws/install/cspc_lidar/share/cspc_lidar/local_setup.bash
[0.659s] -- Up-to-date: /home/pi/ros2_ws/install/cspc_lidar/share/cspc_lidar/local_setup.sh
[0.659s] -- Up-to-date: /home/pi/ros2_ws/install/cspc_lidar/share/cspc_lidar/local_setup.zsh
[0.659s] -- Up-to-date: /home/pi/ros2_ws/install/cspc_lidar/share/cspc_lidar/local_setup.dsv
[0.659s] -- Installing: /home/pi/ros2_ws/install/cspc_lidar/share/cspc_lidar/package.dsv
[0.659s] -- Up-to-date: /home/pi/ros2_ws/install/cspc_lidar/share/ament_index/resource_index/packages/cspc_lidar
[0.659s] -- Up-to-date: /home/pi/ros2_ws/install/cspc_lidar/share/cspc_lidar/cmake/cspc_lidarConfig.cmake
[0.660s] -- Up-to-date: /home/pi/ros2_ws/install/cspc_lidar/share/cspc_lidar/cmake/cspc_lidarConfig-version.cmake
[0.660s] -- Up-to-date: /home/pi/ros2_ws/install/cspc_lidar/share/cspc_lidar/package.xml
[0.662s] Invoked command in '/home/pi/ros2_ws/build/cspc_lidar' returned '0': CMAKE_PREFIX_PATH=${CMAKE_PREFIX_PATH}:/opt/ros/jazzy /usr/bin/cmake --install /home/pi/ros2_ws/build/cspc_lidar
