[0.014s] Invoking command in '/home/pi/ros2_ws/build/rc_car_obstacle_detection': CMAKE_PREFIX_PATH=${CMAKE_PREFIX_PATH}:/opt/ros/jazzy /usr/bin/cmake /home/pi/ros2_ws/src/rc_car_obstacle_detection -DCMAKE_INSTALL_PREFIX=/home/pi/ros2_ws/install/rc_car_obstacle_detection
[0.036s] -- Found ament_cmake: 2.5.5 (/opt/ros/jazzy/share/ament_cmake/cmake)
[0.363s] -- Found rclpy: 7.1.9 (/opt/ros/jazzy/share/rclpy/cmake)
[0.649s] -- Configuring done (0.6s)
[0.660s] -- Generating done (0.0s)
[0.672s] -- Build files have been written to: /home/pi/ros2_ws/build/rc_car_obstacle_detection
[0.677s] Invoked command in '/home/pi/ros2_ws/build/rc_car_obstacle_detection' returned '0': CMAKE_PREFIX_PATH=${CMAKE_PREFIX_PATH}:/opt/ros/jazzy /usr/bin/cmake /home/pi/ros2_ws/src/rc_car_obstacle_detection -DCMAKE_INSTALL_PREFIX=/home/pi/ros2_ws/install/rc_car_obstacle_detection
[0.680s] Invoking command in '/home/pi/ros2_ws/build/rc_car_obstacle_detection': CMAKE_PREFIX_PATH=${CMAKE_PREFIX_PATH}:/opt/ros/jazzy /usr/bin/cmake --build /home/pi/ros2_ws/build/rc_car_obstacle_detection -- -j4 -l4
[0.788s] Built target ament_cmake_python_copy_rc_car_obstacle_detection
[0.788s] Built target ament_cmake_python_copy_rc_car_obstacle_detection_setup
[1.073s] running egg_info
[1.097s] writing rc_car_obstacle_detection.egg-info/PKG-INFO
[1.098s] writing dependency_links to rc_car_obstacle_detection.egg-info/dependency_links.txt
[1.101s] writing top-level names to rc_car_obstacle_detection.egg-info/top_level.txt
[1.171s] reading manifest file 'rc_car_obstacle_detection.egg-info/SOURCES.txt'
[1.172s] writing manifest file 'rc_car_obstacle_detection.egg-info/SOURCES.txt'
[1.235s] Built target ament_cmake_python_build_rc_car_obstacle_detection_egg
[1.257s] Invoked command in '/home/pi/ros2_ws/build/rc_car_obstacle_detection' returned '0': CMAKE_PREFIX_PATH=${CMAKE_PREFIX_PATH}:/opt/ros/jazzy /usr/bin/cmake --build /home/pi/ros2_ws/build/rc_car_obstacle_detection -- -j4 -l4
[1.278s] Invoking command in '/home/pi/ros2_ws/build/rc_car_obstacle_detection': CMAKE_PREFIX_PATH=${CMAKE_PREFIX_PATH}:/opt/ros/jazzy /usr/bin/cmake --install /home/pi/ros2_ws/build/rc_car_obstacle_detection
[1.294s] -- Install configuration: "Release"
[1.295s] -- Up-to-date: /home/pi/ros2_ws/install/rc_car_obstacle_detection/share/rc_car_obstacle_detection/environment/pythonpath.sh
[1.295s] -- Up-to-date: /home/pi/ros2_ws/install/rc_car_obstacle_detection/share/rc_car_obstacle_detection/environment/pythonpath.dsv
[1.295s] -- Up-to-date: /home/pi/ros2_ws/install/rc_car_obstacle_detection/lib/python3.12/site-packages/rc_car_obstacle_detection-1.0.0-py3.12.egg-info
[1.295s] -- Installing: /home/pi/ros2_ws/install/rc_car_obstacle_detection/lib/python3.12/site-packages/rc_car_obstacle_detection-1.0.0-py3.12.egg-info/dependency_links.txt
[1.295s] -- Installing: /home/pi/ros2_ws/install/rc_car_obstacle_detection/lib/python3.12/site-packages/rc_car_obstacle_detection-1.0.0-py3.12.egg-info/PKG-INFO
[1.295s] -- Installing: /home/pi/ros2_ws/install/rc_car_obstacle_detection/lib/python3.12/site-packages/rc_car_obstacle_detection-1.0.0-py3.12.egg-info/top_level.txt
[1.295s] -- Installing: /home/pi/ros2_ws/install/rc_car_obstacle_detection/lib/python3.12/site-packages/rc_car_obstacle_detection-1.0.0-py3.12.egg-info/SOURCES.txt
[1.295s] -- Up-to-date: /home/pi/ros2_ws/install/rc_car_obstacle_detection/lib/python3.12/site-packages/rc_car_obstacle_detection
[1.296s] -- Up-to-date: /home/pi/ros2_ws/install/rc_car_obstacle_detection/lib/python3.12/site-packages/rc_car_obstacle_detection/rf2o_wrapper.py
[1.296s] -- Up-to-date: /home/pi/ros2_ws/install/rc_car_obstacle_detection/lib/python3.12/site-packages/rc_car_obstacle_detection/lidar_processor.py
[1.296s] -- Up-to-date: /home/pi/ros2_ws/install/rc_car_obstacle_detection/lib/python3.12/site-packages/rc_car_obstacle_detection/costmap_publisher.py
[1.296s] -- Up-to-date: /home/pi/ros2_ws/install/rc_car_obstacle_detection/lib/python3.12/site-packages/rc_car_obstacle_detection/safety_controller.py
[1.296s] -- Up-to-date: /home/pi/ros2_ws/install/rc_car_obstacle_detection/lib/python3.12/site-packages/rc_car_obstacle_detection/stm32_bridge.py
[1.296s] -- Up-to-date: /home/pi/ros2_ws/install/rc_car_obstacle_detection/lib/python3.12/site-packages/rc_car_obstacle_detection/goal_sender.py
[1.296s] -- Up-to-date: /home/pi/ros2_ws/install/rc_car_obstacle_detection/lib/python3.12/site-packages/rc_car_obstacle_detection/__init__.py
[1.296s] -- Up-to-date: /home/pi/ros2_ws/install/rc_car_obstacle_detection/lib/python3.12/site-packages/rc_car_obstacle_detection/obstacle_fusion.py
[1.346s] Listing '/home/pi/ros2_ws/install/rc_car_obstacle_detection/lib/python3.12/site-packages/rc_car_obstacle_detection'...
[1.356s] -- Up-to-date: /home/pi/ros2_ws/install/rc_car_obstacle_detection/lib/rc_car_obstacle_detection/stm32_bridge.py
[1.357s] -- Up-to-date: /home/pi/ros2_ws/install/rc_car_obstacle_detection/lib/rc_car_obstacle_detection/lidar_processor.py
[1.357s] -- Up-to-date: /home/pi/ros2_ws/install/rc_car_obstacle_detection/lib/rc_car_obstacle_detection/obstacle_fusion.py
[1.357s] -- Up-to-date: /home/pi/ros2_ws/install/rc_car_obstacle_detection/lib/rc_car_obstacle_detection/safety_controller.py
[1.357s] -- Up-to-date: /home/pi/ros2_ws/install/rc_car_obstacle_detection/lib/rc_car_obstacle_detection/costmap_publisher.py
[1.357s] -- Up-to-date: /home/pi/ros2_ws/install/rc_car_obstacle_detection/lib/rc_car_obstacle_detection/goal_sender.py
[1.357s] -- Up-to-date: /home/pi/ros2_ws/install/rc_car_obstacle_detection/lib/rc_car_obstacle_detection/rf2o_wrapper.py
[1.357s] -- Up-to-date: /home/pi/ros2_ws/install/rc_car_obstacle_detection/share/rc_car_obstacle_detection/launch
[1.358s] -- Up-to-date: /home/pi/ros2_ws/install/rc_car_obstacle_detection/share/rc_car_obstacle_detection/launch/test_rf2o_minimal.launch.py
[1.358s] -- Up-to-date: /home/pi/ros2_ws/install/rc_car_obstacle_detection/share/rc_car_obstacle_detection/launch/slam_test.launch.py
[1.358s] -- Up-to-date: /home/pi/ros2_ws/install/rc_car_obstacle_detection/share/rc_car_obstacle_detection/launch/slam_manual_wrapper.launch.py
[1.358s] -- Up-to-date: /home/pi/ros2_ws/install/rc_car_obstacle_detection/share/rc_car_obstacle_detection/launch/rc_car_slam.launch.py
[1.358s] -- Up-to-date: /home/pi/ros2_ws/install/rc_car_obstacle_detection/share/rc_car_obstacle_detection/launch/full_system.launch.py
[1.358s] -- Up-to-date: /home/pi/ros2_ws/install/rc_car_obstacle_detection/share/rc_car_obstacle_detection/launch/obstacle_detection.launch.py
[1.358s] -- Up-to-date: /home/pi/ros2_ws/install/rc_car_obstacle_detection/share/rc_car_obstacle_detection/launch/slam_imu.launch.py
[1.358s] -- Up-to-date: /home/pi/ros2_ws/install/rc_car_obstacle_detection/share/rc_car_obstacle_detection/launch/simple_start.launch.py
[1.358s] -- Up-to-date: /home/pi/ros2_ws/install/rc_car_obstacle_detection/share/rc_car_obstacle_detection/launch/slam_working.launch.py
[1.359s] -- Up-to-date: /home/pi/ros2_ws/install/rc_car_obstacle_detection/share/rc_car_obstacle_detection/launch/slam_only.launch.py
[1.359s] -- Up-to-date: /home/pi/ros2_ws/install/rc_car_obstacle_detection/share/rc_car_obstacle_detection/launch/slam_simple.launch.py
[1.359s] -- Up-to-date: /home/pi/ros2_ws/install/rc_car_obstacle_detection/share/rc_car_obstacle_detection/launch/nav2_rf2o.launch.py
[1.359s] -- Installing: /home/pi/ros2_ws/install/rc_car_obstacle_detection/share/rc_car_obstacle_detection/launch/cartographer_slam.launch.py
[1.359s] -- Up-to-date: /home/pi/ros2_ws/install/rc_car_obstacle_detection/share/rc_car_obstacle_detection/config
[1.359s] -- Up-to-date: /home/pi/ros2_ws/install/rc_car_obstacle_detection/share/rc_car_obstacle_detection/config/rf2o.yaml
[1.359s] -- Up-to-date: /home/pi/ros2_ws/install/rc_car_obstacle_detection/share/rc_car_obstacle_detection/config/ekf_imu.yaml
[1.359s] -- Up-to-date: /home/pi/ros2_ws/install/rc_car_obstacle_detection/share/rc_car_obstacle_detection/config/params.yaml
[1.359s] -- Up-to-date: /home/pi/ros2_ws/install/rc_car_obstacle_detection/share/rc_car_obstacle_detection/cartographer_config
[1.359s] -- Up-to-date: /home/pi/ros2_ws/install/rc_car_obstacle_detection/share/rc_car_obstacle_detection/cartographer_config/cartographer.lua
[1.359s] -- Up-to-date: /home/pi/ros2_ws/install/rc_car_obstacle_detection/share/rc_car_obstacle_detection/cartographer_config/backpack_2d.lua
[1.359s] -- Up-to-date: /home/pi/ros2_ws/install/rc_car_obstacle_detection/share/ament_index/resource_index/package_run_dependencies/rc_car_obstacle_detection
[1.360s] -- Up-to-date: /home/pi/ros2_ws/install/rc_car_obstacle_detection/share/ament_index/resource_index/parent_prefix_path/rc_car_obstacle_detection
[1.360s] -- Up-to-date: /home/pi/ros2_ws/install/rc_car_obstacle_detection/share/rc_car_obstacle_detection/environment/ament_prefix_path.sh
[1.360s] -- Up-to-date: /home/pi/ros2_ws/install/rc_car_obstacle_detection/share/rc_car_obstacle_detection/environment/ament_prefix_path.dsv
[1.360s] -- Up-to-date: /home/pi/ros2_ws/install/rc_car_obstacle_detection/share/rc_car_obstacle_detection/environment/path.sh
[1.360s] -- Up-to-date: /home/pi/ros2_ws/install/rc_car_obstacle_detection/share/rc_car_obstacle_detection/environment/path.dsv
[1.360s] -- Up-to-date: /home/pi/ros2_ws/install/rc_car_obstacle_detection/share/rc_car_obstacle_detection/local_setup.bash
[1.360s] -- Up-to-date: /home/pi/ros2_ws/install/rc_car_obstacle_detection/share/rc_car_obstacle_detection/local_setup.sh
[1.360s] -- Up-to-date: /home/pi/ros2_ws/install/rc_car_obstacle_detection/share/rc_car_obstacle_detection/local_setup.zsh
[1.360s] -- Up-to-date: /home/pi/ros2_ws/install/rc_car_obstacle_detection/share/rc_car_obstacle_detection/local_setup.dsv
[1.360s] -- Installing: /home/pi/ros2_ws/install/rc_car_obstacle_detection/share/rc_car_obstacle_detection/package.dsv
[1.360s] -- Up-to-date: /home/pi/ros2_ws/install/rc_car_obstacle_detection/share/ament_index/resource_index/packages/rc_car_obstacle_detection
[1.360s] -- Up-to-date: /home/pi/ros2_ws/install/rc_car_obstacle_detection/share/rc_car_obstacle_detection/cmake/rc_car_obstacle_detectionConfig.cmake
[1.361s] -- Up-to-date: /home/pi/ros2_ws/install/rc_car_obstacle_detection/share/rc_car_obstacle_detection/cmake/rc_car_obstacle_detectionConfig-version.cmake
[1.361s] -- Up-to-date: /home/pi/ros2_ws/install/rc_car_obstacle_detection/share/rc_car_obstacle_detection/package.xml
[1.362s] Invoked command in '/home/pi/ros2_ws/build/rc_car_obstacle_detection' returned '0': CMAKE_PREFIX_PATH=${CMAKE_PREFIX_PATH}:/opt/ros/jazzy /usr/bin/cmake --install /home/pi/ros2_ws/build/rc_car_obstacle_detection
